Starting Dynare (version 4.5.6).
Starting preprocessing of the model file ...
Found 16 equation(s).
Evaluating expressions...done
Computing static model derivatives:
 - order 1
Computing dynamic model derivatives:
 - order 1
 - order 2
Processing outputs ...
done
Preprocessing completed.
Total computing time : 0h00m00s
Trying mode_compute = 4, Chris Sims’s csminwel, and checking if estimation is feasible.
Initial value of the log posterior (or likelihood): -1872.2993
-----------------
f at the beginning of new iteration,      1872.2993128864
Predicted improvement: 20279048.482539020
lambda =          1; f =         1872.5349287
lambda =    0.33333; f =         1872.3240499
lambda =    0.11111; f =         1872.3016079
lambda =   0.037037; f =         1872.2994439
lambda =   0.012346; f =         1802.9228505
lambda =  0.0041152; f =         1308.8809312
lambda =  0.0013717; f =          904.3329695
lambda = 0.00045725; f =          577.7806885
lambda = 0.00015242; f =          498.7609407
lambda = 5.0805e-05; f =          846.2049559
Norm of dx     63.685
----
Improvement on iteration 1 =     1373.538372145
-----------------
f at the beginning of new iteration,       498.7609407413
Predicted improvement:    14236.022950323
lambda =          1; f =          501.2894944
lambda =    0.33333; f =          499.0355800
lambda =    0.11111; f =          498.7894201
lambda =   0.037037; f =          498.7634940
lambda =   0.012346; f =          498.7610839
lambda =  0.0041152; f =          498.7609410
lambda =  0.0013717; f =          487.6688721
lambda = 0.00045725; f =          487.6553117
lambda = 0.00088394; f =          482.3897296
Norm of dx     1.6879
----
Improvement on iteration 2 =       16.371211114
-----------------
f at the beginning of new iteration,       482.3897296272
Predicted improvement:     3181.814416593
lambda =          1; f =          483.1447299
lambda =    0.33333; f =          482.4704238
lambda =    0.11111; f =          482.3976750
lambda =   0.037037; f =          482.3903165
lambda =   0.012346; f =          482.3897383
lambda =  0.0041152; f =          478.7920812
lambda =  0.0013717; f =          475.1167386
lambda =  0.0026518; f =          472.4126686
Norm of dx    0.88219
----
Improvement on iteration 3 =        9.977061073
-----------------
f at the beginning of new iteration,       472.4126685543
Predicted improvement:      480.830329597
lambda =          1; f =          472.5056065
lambda =    0.33333; f =          472.4224058
lambda =    0.11111; f =          472.4135667
lambda =   0.037037; f =          472.4127198
lambda =   0.012346; f =          472.4126686
lambda =  0.0041152; f =          469.5028049
lambda =  0.0079555; f =          470.2001167
lambda =  0.0053568; f =          469.1901800
Norm of dx    0.33681
----
Improvement on iteration 4 =        3.222488596
-----------------
f at the beginning of new iteration,       469.1901799579
Predicted improvement:       84.007826063
lambda =          1; f =          469.2029260
lambda =    0.33333; f =          469.1914696
lambda =    0.11111; f =          469.1902850
lambda =   0.037037; f =          469.1901828
lambda =   0.012346; f =          468.5879108
lambda =  0.0041152; f =          468.5966014
lambda =  0.0079555; f =          468.3015375
Norm of dx    0.14048
----
Improvement on iteration 5 =        0.888642500
-----------------
f at the beginning of new iteration,       468.3015374579
Predicted improvement:       33.204675017
lambda =          1; f =          416.2126557
lambda =     1.9332; f =          386.8904084
Norm of dx    0.09485
----
Improvement on iteration 6 =       81.411129070
-----------------
f at the beginning of new iteration,       386.8904083884
Predicted improvement:       23.615933740
lambda =          1; f =          352.0145425
lambda =     1.9332; f =          342.1750712
Norm of dx    0.14295
----
Improvement on iteration 7 =       44.715337143
-----------------
f at the beginning of new iteration,       342.1750712453
Predicted improvement:       21.135149648
lambda =          1; f =          367.1425219
lambda =    0.33333; f =          333.7864252
Norm of dx   0.084517
----
Improvement on iteration 8 =        8.388646046
-----------------
f at the beginning of new iteration,       333.7864251998
Predicted improvement:       15.346173677
lambda =          1; f =          341.4149789
lambda =    0.33333; f =          330.4133078
Norm of dx    0.10391
----
Improvement on iteration 9 =        3.373117352
-----------------
f at the beginning of new iteration,       330.4133078478
Predicted improvement:        2.547682106
lambda =          1; f =          325.8482031
lambda =     1.9332; f =          322.6960899
lambda =     3.7372; f =          320.8935011
Norm of dx   0.027048
----
Improvement on iteration 10 =        9.519806748
-----------------
f at the beginning of new iteration,       320.8935010995
Predicted improvement:        5.026531433
lambda =          1; f =          315.6756642
Norm of dx   0.040181
----
Improvement on iteration 11 =        5.217836909
-----------------
f at the beginning of new iteration,       315.6756641904
Predicted improvement:        2.421201665
lambda =          1; f =          312.0620657
lambda =     1.9332; f =          310.6848634
Norm of dx   0.037213
----
Improvement on iteration 12 =        4.990800829
-----------------
f at the beginning of new iteration,       310.6848633612
Predicted improvement:        1.613447000
lambda =          1; f =          308.3647220
lambda =     1.9332; f =          307.9119332
Norm of dx   0.022139
----
Improvement on iteration 13 =        2.772930159
-----------------
f at the beginning of new iteration,       307.9119332020
Predicted improvement:        2.932615256
lambda =          1; f =          304.5361765
Norm of dx   0.053186
----
Improvement on iteration 14 =        3.375756717
-----------------
f at the beginning of new iteration,       304.5361764849
Predicted improvement:        3.444720068
lambda =          1; f =          298.9156241
lambda =     1.9332; f =          296.0213133
Norm of dx   0.074381
----
Improvement on iteration 15 =        8.514863234
-----------------
f at the beginning of new iteration,       296.0213132514
Predicted improvement:        5.813412764
lambda =          1; f =          290.0489819
Norm of dx    0.15523
----
Improvement on iteration 16 =        5.972331362
-----------------
f at the beginning of new iteration,       290.0489818890
Predicted improvement:        0.889877530
lambda =          1; f =          288.7334252
lambda =     1.9332; f =          288.3661173
Norm of dx   0.022859
----
Improvement on iteration 17 =        1.682864564
-----------------
f at the beginning of new iteration,       288.3661173245
Predicted improvement:        0.576018054
lambda =          1; f =          287.4780841
lambda =     1.9332; f =          287.1071053
Norm of dx   0.019915
----
Improvement on iteration 18 =        1.259011978
-----------------
f at the beginning of new iteration,       287.1071053468
Predicted improvement:        1.314438300
lambda =          1; f =          284.8370682
lambda =     1.9332; f =          283.3088567
lambda =     3.7372; f =          284.7796649
lambda =     2.5164; f =          282.7600102
Norm of dx   0.058534
----
Improvement on iteration 19 =        4.347095185
-----------------
f at the beginning of new iteration,       282.7600101621
Predicted improvement:        1.599504597
lambda =          1; f =          282.3880065
lambda =    0.33333; f =          281.8620267
lambda =    0.64439; f =          281.4927361
Norm of dx   0.098964
----
Improvement on iteration 20 =        1.267274049
-----------------
f at the beginning of new iteration,       281.4927361135
Predicted improvement:        3.215917211
lambda =          1; f =          283.2929857
lambda =    0.33333; f =          280.1738637
Norm of dx     0.1235
----
Improvement on iteration 21 =        1.318872420
-----------------
f at the beginning of new iteration,       280.1738636932
Predicted improvement:        0.651017794
lambda =          1; f =          279.4667221
Norm of dx   0.057177
----
Improvement on iteration 22 =        0.707141637
-----------------
f at the beginning of new iteration,       279.4667220560
Predicted improvement:        0.444693987
lambda =          1; f =          279.2008100
lambda =    0.33333; f =          279.2425206
lambda =    0.64439; f =          279.1583707
Norm of dx   0.040515
----
Improvement on iteration 23 =        0.308351370
-----------------
f at the beginning of new iteration,       279.1583706860
Predicted improvement:        0.094273251
lambda =          1; f =          279.0359423
Norm of dx   0.017405
----
Improvement on iteration 24 =        0.122428427
-----------------
f at the beginning of new iteration,       279.0359422591
Predicted improvement:        0.063899826
lambda =          1; f =          278.9335161
lambda =     1.9332; f =          278.8829609
Norm of dx   0.011503
----
Improvement on iteration 25 =        0.152981374
-----------------
f at the beginning of new iteration,       278.8829608852
Predicted improvement:        0.098991405
lambda =          1; f =          278.7017242
lambda =     1.9332; f =          278.5618819
lambda =     3.7372; f =          278.3660470
Norm of dx   0.011959
----
Improvement on iteration 26 =        0.516913924
-----------------
f at the beginning of new iteration,       278.3660469612
Predicted improvement:        0.442856135
lambda =          1; f =          277.6605934
lambda =     1.9332; f =          277.3801755
Norm of dx   0.055507
----
Improvement on iteration 27 =        0.985871493
-----------------
f at the beginning of new iteration,       277.3801754680
Predicted improvement:        0.327970475
lambda =          1; f =          276.8335665
lambda =     1.9332; f =          276.5384999
Norm of dx   0.035087
----
Improvement on iteration 28 =        0.841675567
-----------------
f at the beginning of new iteration,       276.5384999014
Predicted improvement:        0.423646784
lambda =          1; f =          275.8841085
lambda =     1.9332; f =          275.8102724
Norm of dx   0.044604
----
Improvement on iteration 29 =        0.728227549
-----------------
f at the beginning of new iteration,       275.8102723522
Predicted improvement:        0.339820878
lambda =          1; f =          275.4578730
Norm of dx   0.014218
----
Improvement on iteration 30 =        0.352399308
-----------------
f at the beginning of new iteration,       275.4578730439
Predicted improvement:        0.301381779
lambda =          1; f =          275.0382645
Norm of dx   0.017302
----
Improvement on iteration 31 =        0.419608543
-----------------
f at the beginning of new iteration,       275.0382645005
Predicted improvement:        0.585212705
lambda =          1; f =          274.0695704
lambda =     1.9332; f =          273.5173990
Norm of dx   0.091539
----
Improvement on iteration 32 =        1.520865545
-----------------
f at the beginning of new iteration,       273.5173989558
Predicted improvement:        1.460320245
lambda =          1; f =          271.4197140
lambda =     1.9332; f =          270.6718180
Norm of dx    0.27567
----
Improvement on iteration 33 =        2.845580991
-----------------
f at the beginning of new iteration,       270.6718179643
Predicted improvement:        0.864400912
lambda =          1; f =          269.2835692
lambda =     1.9332; f =          268.6096188
Norm of dx    0.18137
----
Improvement on iteration 34 =        2.062199198
-----------------
f at the beginning of new iteration,       268.6096187667
Predicted improvement:        0.444066117
lambda =          1; f =          268.1486955
Norm of dx   0.096178
----
Improvement on iteration 35 =        0.460923267
-----------------
f at the beginning of new iteration,       268.1486954998
Predicted improvement:        0.079117107
lambda =          1; f =          268.0078344
lambda =     1.9332; f =          267.9069540
lambda =     3.7372; f =          267.7908925
Norm of dx   0.020531
----
Improvement on iteration 36 =        0.357803009
-----------------
f at the beginning of new iteration,       267.7908924909
Predicted improvement:        0.202386838
lambda =          1; f =          267.4529817
lambda =     1.9332; f =          267.2529538
Norm of dx   0.065005
----
Improvement on iteration 37 =        0.537938687
-----------------
f at the beginning of new iteration,       267.2529538040
Predicted improvement:        0.368676288
lambda =          1; f =          266.6553072
lambda =     1.9332; f =          266.3349280
Norm of dx     0.1591
----
Improvement on iteration 38 =        0.918025841
-----------------
f at the beginning of new iteration,       266.3349279634
Correct for low angle: 0.00367111
Predicted improvement:        0.443859543
lambda =          1; f =          266.1556271
lambda =    0.33333; f =          266.1154077
lambda =    0.64439; f =          266.0517487
Norm of dx    0.15255
----
Improvement on iteration 39 =        0.283179289
-----------------
f at the beginning of new iteration,       266.0517486744
Correct for low angle: 0.00177938
Predicted improvement:        0.957492755
lambda =          1; f =          267.2210146
lambda =    0.33333; f =          265.8010587
Norm of dx   0.092602
----
Improvement on iteration 40 =        0.250689934
-----------------
f at the beginning of new iteration,       265.8010587405
Correct for low angle: 0.00388542
Predicted improvement:        0.329392626
lambda =          1; f =          265.4786505
Norm of dx   0.057228
----
Improvement on iteration 41 =        0.322408236
-----------------
f at the beginning of new iteration,       265.4786505049
Predicted improvement:        0.182318720
lambda =          1; f =          265.1947123
lambda =     1.9332; f =          265.1023590
Norm of dx   0.014082
----
Improvement on iteration 42 =        0.376291504
-----------------
f at the beginning of new iteration,       265.1023590013
Predicted improvement:        0.051915319
lambda =          1; f =          265.0104510
lambda =     1.9332; f =          264.9460090
lambda =     3.7372; f =          264.8802302
Norm of dx   0.010493
----
Improvement on iteration 43 =        0.222128764
-----------------
f at the beginning of new iteration,       264.8802302377
Correct for low angle: 0.00491278
Predicted improvement:        0.102193553
lambda =          1; f =          264.7181091
lambda =     1.9332; f =          264.6488675
Norm of dx   0.074246
----
Improvement on iteration 44 =        0.231362739
-----------------
f at the beginning of new iteration,       264.6488674985
Correct for low angle: 0.00187721
Predicted improvement:        0.195892368
lambda =          1; f =          265.3221735
lambda =    0.33333; f =          264.6433790
lambda =    0.11111; f =          264.6191098
Norm of dx   0.091417
----
Improvement on iteration 45 =        0.029757735
-----------------
f at the beginning of new iteration,       264.6191097639
Correct for low angle: 0.00212921
Predicted improvement:        0.169928082
lambda =          1; f =          265.3315663
lambda =    0.33333; f =          264.6158338
lambda =    0.11111; f =          264.5936102
Norm of dx   0.083111
----
Improvement on iteration 46 =        0.025499541
-----------------
f at the beginning of new iteration,       264.5936102225
Correct for low angle: 0.00311472
Predicted improvement:        0.124131975
lambda =          1; f =          264.6595245
lambda =    0.33333; f =          264.5463143
Norm of dx    0.07279
----
Improvement on iteration 47 =        0.047295958
-----------------
f at the beginning of new iteration,       264.5463142642
Correct for low angle: 0.00212001
Predicted improvement:        0.167467070
lambda =          1; f =          264.9760326
lambda =    0.33333; f =          264.5150523
lambda =    0.11111; f =          264.5181305
lambda =     0.2148; f =          264.5076707
Norm of dx   0.051502
----
Improvement on iteration 48 =        0.038643598
-----------------
f at the beginning of new iteration,       264.5076706660
Correct for low angle: 0.00436155
Predicted improvement:        0.065157414
lambda =          1; f =          264.4356084
Norm of dx   0.038441
----
Improvement on iteration 49 =        0.072062277
-----------------
f at the beginning of new iteration,       264.4356083893
Predicted improvement:        0.027216517
lambda =          1; f =          264.3957484
lambda =     1.9332; f =          264.3828411
Norm of dx  0.0093088
----
Improvement on iteration 50 =        0.052767243
-----------------
f at the beginning of new iteration,       264.3828411464
Correct for low angle: 0.00358863
Predicted improvement:        0.018627449
lambda =          1; f =          264.3651094
Norm of dx   0.018033
----
Improvement on iteration 51 =        0.017731746
-----------------
f at the beginning of new iteration,       264.3651094000
Correct for low angle: 0.00239625
Predicted improvement:        0.041893568
lambda =          1; f =          264.3565037
lambda =    0.33333; f =          264.3456560
Norm of dx   0.017335
----
Improvement on iteration 52 =        0.019453392
-----------------
f at the beginning of new iteration,       264.3456560080
Predicted improvement:        0.036289098
lambda =          1; f =          264.2821285
lambda =     1.9332; f =          264.2390306
lambda =     3.7372; f =          264.2012912
Norm of dx   0.023878
----
Improvement on iteration 53 =        0.144364789
-----------------
f at the beginning of new iteration,       264.2012912194
Correct for low angle: 0.00372575
Predicted improvement:        0.184742633
lambda =          1; f =          263.9301858
lambda =     1.9332; f =          263.9288069
Norm of dx    0.03237
----
Improvement on iteration 54 =        0.272484271
-----------------
f at the beginning of new iteration,       263.9288069480
Predicted improvement:        0.432575034
lambda =          1; f =          263.5632073
Norm of dx   0.092254
----
Improvement on iteration 55 =        0.365599605
-----------------
f at the beginning of new iteration,       263.5632073425
Correct for low angle: 0.00132359
Predicted improvement:        1.034702734
lambda =          1; f =          270.3781793
lambda =    0.33333; f =          263.6427813
lambda =    0.11111; f =          263.4133979
Norm of dx    0.11434
----
Improvement on iteration 56 =        0.149809408
-----------------
f at the beginning of new iteration,       263.4133979349
Correct for low angle: 0.00349586
Predicted improvement:        0.209788797
lambda =          1; f =          264.1291494
lambda =    0.33333; f =          263.3893792
lambda =    0.11111; f =          263.3796315
lambda =     0.2148; f =          263.3709819
Norm of dx    0.11013
----
Improvement on iteration 57 =        0.042416075
-----------------
f at the beginning of new iteration,       263.3709818599
Correct for low angle: 0.00162574
Predicted improvement:        0.354069357
lambda =          1; f =          265.5844578
lambda =    0.33333; f =          263.4995479
lambda =    0.11111; f =          263.3338659
Norm of dx   0.096357
----
Improvement on iteration 58 =        0.037115991
-----------------
f at the beginning of new iteration,       263.3338658685
Correct for low angle: 0.0027324
Predicted improvement:        0.189161950
lambda =          1; f =          265.0271101
lambda =    0.33333; f =          263.4129674
lambda =    0.11111; f =          263.3142739
Norm of dx    0.10499
----
Improvement on iteration 59 =        0.019591936
-----------------
f at the beginning of new iteration,       263.3142739328
Correct for low angle: 0.00218077
Predicted improvement:        0.222756429
lambda =          1; f =          265.2279888
lambda =    0.33333; f =          263.4566755
lambda =    0.11111; f =          263.2977287
Norm of dx      0.106
----
Improvement on iteration 60 =        0.016545248
-----------------
f at the beginning of new iteration,       263.2977286844
Correct for low angle: 0.00162888
Predicted improvement:        0.292807681
lambda =          1; f =          267.8306270
lambda =    0.33333; f =          263.5765141
lambda =    0.11111; f =          263.2831412
lambda =   0.037037; f =          263.2817998
lambda =   0.071599; f =          263.2768170
Norm of dx    0.10667
----
Improvement on iteration 61 =        0.020911651
-----------------
f at the beginning of new iteration,       263.2768170336
Correct for low angle: 0.00375246
Predicted improvement:        0.114536056
lambda =          1; f =          263.5984984
lambda =    0.33333; f =          263.2634904
lambda =    0.11111; f =          263.2581864
lambda =     0.2148; f =          263.2537012
Norm of dx    0.10882
----
Improvement on iteration 62 =        0.023115801
-----------------
f at the beginning of new iteration,       263.2537012323
Correct for low angle: 0.00123456
Predicted improvement:        0.336173764
lambda =          1; f =          269.1783193
lambda =    0.33333; f =          263.6260650
lambda =    0.11111; f =          263.2420017
lambda =   0.037037; f =          263.2359419
lambda =   0.071599; f =          263.2317312
Norm of dx     0.1076
----
Improvement on iteration 63 =        0.021970016
-----------------
f at the beginning of new iteration,       263.2317312164
Correct for low angle: 0.00299028
Predicted improvement:        0.128349777
lambda =          1; f =          264.3533274
lambda =    0.33333; f =          263.3112391
lambda =    0.11111; f =          263.2216094
Norm of dx    0.11333
----
Improvement on iteration 64 =        0.010121832
-----------------
f at the beginning of new iteration,       263.2216093843
Correct for low angle: 0.00136927
Predicted improvement:        0.275137494
lambda =          1; f =          269.0097531
lambda =    0.33333; f =          263.6142729
lambda =    0.11111; f =          263.2214271
lambda =   0.037037; f =          263.2081484
Norm of dx    0.10954
----
Improvement on iteration 65 =        0.013460959
-----------------
f at the beginning of new iteration,       263.2081484250
Predicted improvement:        0.070886028
lambda =          1; f =          263.1127434
Norm of dx    0.11314
----
Improvement on iteration 66 =        0.095405032
-----------------
f at the beginning of new iteration,       263.1127433929
Correct for low angle: 0.00347101
Predicted improvement:        0.053846587
lambda =          1; f =          263.4110668
lambda =    0.33333; f =          263.1234496
lambda =    0.11111; f =          263.1057960
Norm of dx   0.099131
----
Improvement on iteration 67 =        0.006947407
-----------------
f at the beginning of new iteration,       263.1057959859
Correct for low angle: 0.0013176
Predicted improvement:        0.132830314
lambda =          1; f =          266.9471694
lambda =    0.33333; f =          263.4078940
lambda =    0.11111; f =          263.1182794
lambda =   0.037037; f =          263.1007848
Norm of dx   0.090427
----
Improvement on iteration 68 =        0.005011143
-----------------
f at the beginning of new iteration,       263.1007848431
Correct for low angle: 0.00424681
Predicted improvement:        0.036939036
lambda =          1; f =          263.1249418
lambda =    0.33333; f =          263.0870831
Norm of dx    0.08309
----
Improvement on iteration 69 =        0.013701768
-----------------
f at the beginning of new iteration,       263.0870830747
Correct for low angle: 0.00106735
Predicted improvement:        0.114843239
lambda =          1; f =          264.5595920
lambda =    0.33333; f =          263.1821126
lambda =    0.11111; f =          263.0804719
lambda =   0.037037; f =          263.0808114
lambda =   0.071599; f =          263.0786064
Norm of dx   0.054704
----
Improvement on iteration 70 =        0.008476700
-----------------
f at the beginning of new iteration,       263.0786063745
Predicted improvement:        0.020244186
lambda =          1; f =          263.0503458
Norm of dx   0.047012
----
Improvement on iteration 71 =        0.028260533
-----------------
f at the beginning of new iteration,       263.0503458419
Predicted improvement:        0.012864052
lambda =          1; f =          263.0324936
Norm of dx   0.014683
----
Improvement on iteration 72 =        0.017852224
-----------------
f at the beginning of new iteration,       263.0324936179
Predicted improvement:        0.007693099
lambda =          1; f =          263.0238841
Norm of dx   0.019245
----
Improvement on iteration 73 =        0.008609488
-----------------
f at the beginning of new iteration,       263.0238841304
Predicted improvement:        0.004960441
lambda =          1; f =          263.0188839
Norm of dx   0.011771
----
Improvement on iteration 74 =        0.005000274
-----------------
f at the beginning of new iteration,       263.0188838563
Predicted improvement:        0.002360495
lambda =          1; f =          263.0144312
lambda =     1.9332; f =          263.0107533
lambda =     3.7372; f =          263.0050073
lambda =     7.2247; f =          262.9994076
Norm of dx   0.003354
----
Improvement on iteration 75 =        0.019476241
-----------------
f at the beginning of new iteration,       262.9994076154
Predicted improvement:        0.016262317
lambda =          1; f =          262.9703887
lambda =     1.9332; f =          262.9493525
lambda =     3.7372; f =          262.9246648
Norm of dx  0.0079054
----
Improvement on iteration 76 =        0.074742798
-----------------
f at the beginning of new iteration,       262.9246648174
Predicted improvement:        0.018900679
lambda =          1; f =          262.9015536
Norm of dx   0.031013
----
Improvement on iteration 77 =        0.023111212
-----------------
f at the beginning of new iteration,       262.9015536058
Predicted improvement:        0.002992327
lambda =          1; f =          262.8981876
Norm of dx  0.0087527
----
Improvement on iteration 78 =        0.003366035
-----------------
f at the beginning of new iteration,       262.8981875704
Predicted improvement:        0.000776694
lambda =          1; f =          262.8969009
lambda =     1.9332; f =          262.8962040
Norm of dx  0.0040871
----
Improvement on iteration 79 =        0.001983606
-----------------
f at the beginning of new iteration,       262.8962039646
Predicted improvement:        0.001882461
lambda =          1; f =          262.8927302
lambda =     1.9332; f =          262.8900312
lambda =     3.7372; f =          262.8862957
lambda =     7.2247; f =          262.8845931
Norm of dx  0.0054168
----
Improvement on iteration 80 =        0.011610872
-----------------
f at the beginning of new iteration,       262.8845930926
Predicted improvement:        0.009186475
lambda =          1; f =          262.8674661
lambda =     1.9332; f =          262.8536915
lambda =     3.7372; f =          262.8333087
lambda =     7.2247; f =          262.8187806
Norm of dx  0.0045012
----
Improvement on iteration 81 =        0.065812447
-----------------
f at the beginning of new iteration,       262.8187806455
Predicted improvement:        0.015934488
lambda =          1; f =          262.7982110
Norm of dx    0.02627
----
Improvement on iteration 82 =        0.020569673
-----------------
f at the beginning of new iteration,       262.7982109728
Predicted improvement:        0.003594147
lambda =          1; f =          262.7943188
Norm of dx  0.0090203
----
Improvement on iteration 83 =        0.003892150
-----------------
f at the beginning of new iteration,       262.7943188226
Predicted improvement:        0.000410024
lambda =          1; f =          262.7938339
Norm of dx  0.0036038
----
Improvement on iteration 84 =        0.000484901
-----------------
f at the beginning of new iteration,       262.7938339216
Predicted improvement:        0.000162148
lambda =          1; f =          262.7936919
Norm of dx  0.0029151
----
Improvement on iteration 85 =        0.000141993
-----------------
f at the beginning of new iteration,       262.7936919284
Predicted improvement:        0.000043747
lambda =          1; f =          262.7936270
lambda =     1.9332; f =          262.7936131
Norm of dx 0.00048304
----
Improvement on iteration 86 =        0.000078826
-----------------
f at the beginning of new iteration,       262.7936131023
Predicted improvement:        0.000040845
lambda =          1; f =          262.7935383
lambda =     1.9332; f =          262.7934774
lambda =     3.7372; f =          262.7933835
lambda =     7.2247; f =          262.7932915
Norm of dx 0.00076233
----
Improvement on iteration 87 =        0.000321612
-----------------
f at the beginning of new iteration,       262.7932914906
Predicted improvement:        0.000254970
lambda =          1; f =          262.7928159
lambda =     1.9332; f =          262.7924181
lambda =     3.7372; f =          262.7917756
lambda =     7.2247; f =          262.7910077
Norm of dx  0.0013332
----
Improvement on iteration 88 =        0.002283826
-----------------
f at the beginning of new iteration,       262.7910076645
Predicted improvement:        0.001324583
lambda =          1; f =          262.7890941
lambda =     1.9332; f =          262.7885985
Norm of dx  0.0077925
----
Improvement on iteration 89 =        0.002409161
-----------------
f at the beginning of new iteration,       262.7885985038
Predicted improvement:        0.000234541
lambda =          1; f =          262.7882917
Norm of dx  0.0036272
----
Improvement on iteration 90 =        0.000306803
-----------------
f at the beginning of new iteration,       262.7882917010
Predicted improvement:        0.000039802
lambda =          1; f =          262.7882280
lambda =     1.9332; f =          262.7882048
Norm of dx 0.00060821
----
Improvement on iteration 91 =        0.000086914
-----------------
f at the beginning of new iteration,       262.7882047865
Predicted improvement:        0.000037956
lambda =          1; f =          262.7881313
lambda =     1.9332; f =          262.7880650
lambda =     3.7372; f =          262.7879426
lambda =     7.2247; f =          262.7877282
lambda =     13.967; f =          262.7873966
lambda =         27; f =          262.7870649
Norm of dx 0.00035294
----
Improvement on iteration 92 =        0.001139848
-----------------
f at the beginning of new iteration,       262.7870649381
Predicted improvement:        0.000287218
lambda =          1; f =          262.7866808
Norm of dx  0.0029566
----
Improvement on iteration 93 =        0.000384129
-----------------
f at the beginning of new iteration,       262.7866808095
Correct for low angle: 0.00257666
Predicted improvement:        0.000159268
lambda =          1; f =          262.7872001
lambda =    0.33333; f =          262.7866754
lambda =    0.11111; f =          262.7866591
Norm of dx  0.0048012
----
Improvement on iteration 94 =        0.000021665
-----------------
f at the beginning of new iteration,       262.7866591444
Correct for low angle: 0.00183141
Predicted improvement:        0.000162555
lambda =          1; f =          262.7915502
lambda =    0.33333; f =          262.7870407
lambda =    0.11111; f =          262.7866465
Norm of dx  0.0044537
----
Improvement on iteration 95 =        0.000012672
-----------------
f at the beginning of new iteration,       262.7866464721
Correct for low angle: 0.000614693
Predicted improvement:        0.000760476
lambda =          1; f =          262.7962576
lambda =    0.33333; f =          262.7874897
lambda =    0.11111; f =          262.7866681
lambda =   0.037037; f =          262.7866249
Norm of dx  0.0039827
----
Improvement on iteration 96 =        0.000021525
-----------------
f at the beginning of new iteration,       262.7866249474
Correct for low angle: 0.000759863
Predicted improvement:        0.000342455
lambda =          1; f =          262.7951780
lambda =    0.33333; f =          262.7875275
lambda =    0.11111; f =          262.7867114
lambda =   0.037037; f =          262.7866300
lambda =   0.012346; f =          262.7866240
lambda =  0.0041152; f =          262.7866243
lambda =  0.0013717; f =          262.7866247
lambda = 0.00045725; f =          262.7866249
lambda = 0.00015242; f =          262.7866249
lambda = 5.0805e-05; f =          262.7866249
lambda = 1.6935e-05; f =          262.7866249
lambda =  5.645e-06; f =          262.7866249
lambda = 1.8817e-06; f =          262.7866249
lambda = 6.2723e-07; f =          262.7866249
lambda = 2.0908e-07; f =          262.7866249
lambda = 6.9692e-08; f =          262.7866249
lambda = 2.3231e-08; f =          262.7866249
lambda = 7.7435e-09; f =          262.7866249
lambda = 2.5812e-09; f =          262.7866249
Norm of dx   0.003882
----
Improvement on iteration 97 =        0.000000944
smallest step still improving too slow
-----------------
f at the beginning of new iteration,       262.7866240033
Correct for low angle: 0.00102438
Predicted improvement:        0.000219276
lambda =          1; f =          262.7939518
lambda =    0.33333; f =          262.7874372
lambda =    0.11111; f =          262.7867156
lambda =   0.037037; f =          262.7866347
lambda =   0.012346; f =          262.7866254
lambda =  0.0041152; f =          262.7866242
lambda =  0.0013717; f =          262.7866240
lambda = 0.00045725; f =          262.7866240
lambda = 0.00015242; f =          262.7866240
lambda = 5.0805e-05; f =          262.7866240
lambda = 1.6935e-05; f =          262.7866240
lambda =  5.645e-06; f =          262.7866240
lambda = 1.8817e-06; f =          262.7866240
lambda = 6.2723e-07; f =          262.7866240
lambda = 2.0908e-07; f =          262.7866240
lambda = 6.9692e-08; f =          262.7866240
lambda = 2.3231e-08; f =          262.7866240
lambda = 7.7435e-09; f =          262.7866240
lambda = 2.5812e-09; f =          262.7866240

lambda =

  -6.2723e-07

lambda = -6.2723e-07; f =          262.7866240
Norm of dx  0.0038367
----
Improvement on iteration 98 =        0.000000000
improvement < crit termination

Final value of minus the log posterior (or likelihood):262.786624 

RESULTS FROM POSTERIOR ESTIMATION
parameters
         prior mean     mode    s.d. prior pstdev

trend        0.500   0.7930  0.0810 norm  0.2500 
piestarobs   1.000   0.8651  0.1827 norm  0.5000 
rstarobs     0.125   0.4607  0.0809 gamm  0.0625 
kappa        0.300   0.0984  0.0391 gamm  0.1500 
sigma        2.000   4.9240  0.6455 gamm  0.5000 
psi1         1.500   1.3098  0.1781 gamm  0.2500 
psi2         0.125   0.1294  0.1227 gamm  0.1000 
rhoR         0.500   0.7842  0.0276 beta  0.2000 
rhog         0.800   0.8692  0.0832 beta  0.1000 
rhoz         0.300   0.4316  0.0837 beta  0.1000 
rhoxi        0.500   0.5132  0.2766 beta  0.2000 
rhophi       0.500   0.9101  0.0252 beta  0.2000 

standard deviation of shocks
         prior mean     mode    s.d. prior pstdev

eR           0.003   0.0025  0.0001 invg  0.0014 
eg           0.006   0.0038  0.0008 invg  0.0032 
ez           0.009   0.0066  0.0007 invg  0.0043 
exi          0.005   0.0030  0.0010 invg  0.0040 
ephi         0.005   0.0257  0.0075 invg  0.0040 


Log data density [Laplace approximation] is -313.350623.

Estimation::mcmc: One Chain mode.
Estimation::mcmc: Initialization at the posterior mode.

Estimation::mcmc: Write details about the MCMC... Ok!
Estimation::mcmc: Details about the MCMC are available in NK_RW97_20081/metropolis\NK_RW97_20081_mh_history_0.mat


Estimation::mcmc: Number of mh files: 1 per block.
Estimation::mcmc: Total number of generated files: 1.
Estimation::mcmc: Total number of iterations: 100.
Estimation::mcmc: Current acceptance ratio per chain: 
                                                       Chain  1: 27%
Estimation::mcmc: Total number of MH draws per chain: 100.
Estimation::mcmc: Total number of generated MH files: 1.
Estimation::mcmc: I'll use mh-files 1 to 1.
Estimation::mcmc: In MH-file number 1 I'll start at line 31.
Estimation::mcmc: Finally I keep 70 draws per chain.



MCMC Inefficiency factors per block
Parameter        Block 1
SE_eR              8.385
SE_eg             10.033
SE_ez             10.046
SE_exi             9.919
SE_ephi           14.280
trend             14.192
piestarobs        12.887
rstarobs           6.163
kappa             14.226
sigma             16.296
psi1              16.385
psi2              17.989
rhoR              17.334
rhog               9.201
rhoz              13.653
rhoxi             10.539
rhophi             8.922

[Warning: estimation:: MCMC convergence diagnostics are not computed because the total number of iterations is not bigger than
2000!] 
[> In <a href="matlab:matlab.internal.language.introspective.errorDocCallback('McMCDiagnostics', 'C:\dynare\4.5.6\matlab\convergence_diagnostics\McMCDiagnostics.m', 126)" style="font-weight:bold">McMCDiagnostics</a> (<a href="matlab: opentoline('C:\dynare\4.5.6\matlab\convergence_diagnostics\McMCDiagnostics.m',126,0)">line 126</a>)
  In <a href="matlab:matlab.internal.language.introspective.errorDocCallback('dynare_estimation_1', 'C:\dynare\4.5.6\matlab\dynare_estimation_1.m', 465)" style="font-weight:bold">dynare_estimation_1</a> (<a href="matlab: opentoline('C:\dynare\4.5.6\matlab\dynare_estimation_1.m',465,0)">line 465</a>)
  In <a href="matlab:matlab.internal.language.introspective.errorDocCallback('dynare_estimation', 'C:\dynare\4.5.6\matlab\dynare_estimation.m', 105)" style="font-weight:bold">dynare_estimation</a> (<a href="matlab: opentoline('C:\dynare\4.5.6\matlab\dynare_estimation.m',105,0)">line 105</a>)
  In <a href="matlab:matlab.internal.language.introspective.errorDocCallback('MHestimate', 'C:\Users\zsun\Documents\GitHub\MMBForecast-platform\MMB_Estimation\ALGORITHMS\MHestimate.m', 101)" style="font-weight:bold">MHestimate</a> (<a href="matlab: opentoline('C:\Users\zsun\Documents\GitHub\MMBForecast-platform\MMB_Estimation\ALGORITHMS\MHestimate.m',101,0)">line 101</a>)
  In <a href="matlab:matlab.internal.language.introspective.errorDocCallback('Main', 'C:\Users\zsun\Documents\GitHub\MMBForecast-platform\MMB_Estimation\ALGORITHMS\Main.m', 174)" style="font-weight:bold">Main</a> (<a href="matlab: opentoline('C:\Users\zsun\Documents\GitHub\MMBForecast-platform\MMB_Estimation\ALGORITHMS\Main.m',174,0)">line 174</a>)
  In <a href="matlab:matlab.internal.language.introspective.errorDocCallback('run', 'C:\Program Files\MATLAB\R2018b\toolbox\matlab\lang\run.m', 91)" style="font-weight:bold">run</a> (<a href="matlab: opentoline('C:\Program Files\MATLAB\R2018b\toolbox\matlab\lang\run.m',91,0)">line 91</a>)
  In <a href="matlab:matlab.internal.language.introspective.errorDocCallback('EstimationInterface>pushbutton1_Callback', 'C:\Users\zsun\Documents\GitHub\MMBForecast-platform\MMB_Estimation\EstimationInterface\EstimationInterface.m', 853)" style="font-weight:bold">EstimationInterface>pushbutton1_Callback</a> (<a href="matlab: opentoline('C:\Users\zsun\Documents\GitHub\MMBForecast-platform\MMB_Estimation\EstimationInterface\EstimationInterface.m',853,0)">line 853</a>)
  In <a href="matlab:matlab.internal.language.introspective.errorDocCallback('gui_mainfcn', 'C:\Program Files\MATLAB\R2018b\toolbox\matlab\guide\gui_mainfcn.m', 95)" style="font-weight:bold">gui_mainfcn</a> (<a href="matlab: opentoline('C:\Program Files\MATLAB\R2018b\toolbox\matlab\guide\gui_mainfcn.m',95,0)">line 95</a>)
  In <a href="matlab:matlab.internal.language.introspective.errorDocCallback('EstimationInterface', 'C:\Users\zsun\Documents\GitHub\MMBForecast-platform\MMB_Estimation\EstimationInterface\EstimationInterface.m', 42)" style="font-weight:bold">EstimationInterface</a> (<a href="matlab: opentoline('C:\Users\zsun\Documents\GitHub\MMBForecast-platform\MMB_Estimation\EstimationInterface\EstimationInterface.m',42,0)">line 42</a>)
  In <a href="matlab:matlab.internal.language.introspective.errorDocCallback('matlab.graphics.internal.figfile.FigFile/read>@(hObject,eventdata)EstimationInterface(''pushbutton1_Callback'',hObject,eventdata,guidata(hObject))')" style="font-weight:bold">matlab.graphics.internal.figfile.FigFile/read>@(hObject,eventdata)EstimationInterface('pushbutton1_Callback',hObject,eventdata,guidata(hObject))</a>] 
Estimation::marginal density: I'm computing the posterior mean and covariance...  Done!
Estimation::marginal density: I'm computing the posterior log marginal density (modified harmonic mean)... Done!


ESTIMATION RESULTS

Log data density is -345.219215.

parameters
             prior mean   post. mean        90% HPD interval    prior       pstdev

trend             0.500       0.7918      0.7033      0.9239   norm        0.2500
piestarobs        1.000       0.7786      0.6827      0.8788   norm        0.5000
rstarobs          0.125       0.3812      0.3144      0.4473   gamm        0.0625
kappa             0.300       0.0788      0.0498      0.1104   gamm        0.1500
sigma             2.000       5.9304      5.4145      6.8883   gamm        0.5000
psi1              1.500       1.5337      1.4239      1.6737   gamm        0.2500
psi2              0.125       0.2570      0.1010      0.3403   gamm        0.1000
rhoR              0.500       0.8041      0.7604      0.8289   beta        0.2000
rhog              0.800       0.9157      0.8776      0.9791   beta        0.1000
rhoz              0.300       0.4311      0.3385      0.4994   beta        0.1000
rhoxi             0.500       0.4574      0.1941      0.6153   beta        0.2000
rhophi            0.500       0.9318      0.9220      0.9523   beta        0.2000

standard deviation of shocks
             prior mean   post. mean        90% HPD interval    prior       pstdev

eR                0.003       0.0026      0.0025      0.0027   invg        0.0014
eg                0.006       0.0033      0.0027      0.0038   invg        0.0032
ez                0.009       0.0070      0.0065      0.0074   invg        0.0043
exi               0.005       0.0029      0.0024      0.0036   invg        0.0040
ephi              0.005       0.0325      0.0272      0.0394   invg        0.0040
Estimation::mcmc: Posterior (dsge) IRFs...
Estimation::mcmc: Posterior IRFs, done!
Estimation::mcmc: Smoothed variables
Estimation::mcmc: Smoothed variables, done!
Estimation::mcmc: Smoothed shocks
Estimation::mcmc: Smoothed shocks, done!
Estimation::mcmc: Trend_coefficients
Estimation::mcmc: Trend_coefficients, done!
Estimation::mcmc: Smoothed constant
Estimation::mcmc: Smoothed constant, done!
Estimation::mcmc: Smoothed trend
Estimation::mcmc: Smoothed trend, done!
Estimation::mcmc: Updated Variables
Estimation::mcmc: Updated Variables, done!
Estimation::mcmc: Forecasted variables (mean)
Estimation::mcmc: Forecasted variables (mean), done!
Estimation::mcmc: Forecasted variables (point)
Estimation::mcmc: Forecasted variables (point), done!
