Starting Dynare (version 4.5.7).
Starting preprocessing of the model file ...
Substitution of endo leads >= 2: added 195 auxiliary variables and equations.
Substitution of endo lags >= 2: added 28 auxiliary variables and equations.
Found 279 equation(s).
Evaluating expressions...done
Computing static model derivatives:
 - order 1
Computing dynamic model derivatives:
 - order 1
 - order 2
Processing outputs ...
Warning: A .m file created by Dynare will have more than 32 nested parenthesis. Matlab cannot support this. 
         We are going to modify, albeit inefficiently, this output to have fewer than 32 nested parenthesis. 
         It would hence behoove you to use the use_dll option of the model block to circumnavigate this problem.
         If you have not yet set up a compiler on your system, see the Matlab documentation for doing so.
         For Windows, see: https://www.mathworks.com/help/matlab/matlab_external/install-mingw-support-package.html

done
Preprocessing completed.

STEADY-STATE RESULTS:

c                  		 1.57075
pcer_q_obs         		 0
credit_q_obs       		 0
epsil              		 1
Fp                 		 7.02868
Fw                 		 2.37527
g                  		 0.608271
gamma              		 0.985
xgdp_q_obs         		 0
h                  		 1.01373
hours_obs          		 0
i                  		 0.798323
pgdp_q_obs         		 0
fpi_q_obs          		 0
kbar               		 24.1271
lambdaf            		 1.2
lambdaz            		 0.610222
muup               		 1
muzstar            		 1.00412
n                  		 11.9712
networth_q_obs     		 0
omegabar           		 0.500971
phi                		 0.598353
pi                 		 1.00601
pinv_q_obs         		 0
pitarget           		 1.00601
cp_q_obs           		 0
pstar              		 1
q                  		 1
Re                 		 0.0114707
rff_q_obs          		 0
RealRe_obs         		 1
rL                 		 1.00543
rk                 		 0.050015
Rk                 		 0.0188063
RL                 		 0.0114707
s                  		 0.833333
sigma              		 0.259199
xi0                		 1
xi1                		 1
xi2                		 1
xi3                		 1
xi4                		 1
xi5                		 1
xi6                		 1
xi7                		 1
xi8                		 1
spreadl_obs        		 0
term               		 1
volEquity          		 0.536401
u                  		 1
wage_obs           		 0
wtilde             		 1.77074
wstar              		 1
zetac              		 1
zetai              		 1

EIGENVALUES:
         Modulus             Real        Imaginary

               0                0                0
       1.718e-18       -1.718e-18                0
        1.91e-18         1.91e-18                0
       1.979e-18       -1.979e-18                0
       2.658e-18       -2.658e-18                0
       2.745e-18       -2.745e-18                0
       4.574e-18        4.574e-18                0
       5.786e-18       -5.786e-18                0
       5.801e-18       -5.801e-18                0
       6.989e-18       -6.989e-18                0
       7.411e-18        7.411e-18                0
       7.671e-18        7.671e-18                0
       7.768e-18        7.768e-18                0
       7.929e-18        7.929e-18                0
       8.383e-18        8.383e-18                0
       9.506e-18        9.506e-18                0
       9.853e-18        9.853e-18                0
       1.152e-17       -1.152e-17                0
       1.421e-17       -1.421e-17                0
       1.474e-17        1.474e-17                0
       1.488e-17       -1.488e-17                0
       1.522e-17       -1.522e-17                0
        1.62e-17         1.62e-17                0
       1.655e-17       -1.655e-17                0
       1.671e-17        1.671e-17                0
       1.674e-17        1.674e-17                0
       1.722e-17        1.722e-17                0
       1.779e-17        1.779e-17                0
       1.988e-17       -1.988e-17                0
       2.043e-17       -2.043e-17                0
        2.22e-17        -2.22e-17                0
       2.391e-17       -2.391e-17                0
       2.457e-17        2.457e-17                0
       2.711e-17       -2.711e-17                0
       3.022e-17       -3.022e-17                0
       3.248e-17        3.248e-17                0
       3.847e-17       -3.847e-17                0
        1.73e-15        -1.73e-15                0
         0.09864          0.09864                0
          0.1459           0.1459                0
          0.7412           0.7412                0
          0.7453           0.7396           0.0916
          0.7453           0.7396          -0.0916
          0.8057           0.8057                0
          0.8089           0.8089                0
          0.8128           0.8128                0
          0.8968           0.8968                0
          0.9087           0.9087                0
          0.9109           0.9109                0
          0.9251           0.9245          0.03449
          0.9251           0.9245         -0.03449
          0.9427           0.9427                0
          0.9706           0.9706                0
          0.9744           0.9744                0
          0.9747           0.9747                0
           0.975            0.975                0
           0.987            0.987                0
           1.056            1.047           0.1404
           1.056            1.047          -0.1404
           1.083            1.082          0.04506
           1.083            1.082         -0.04506
           1.232            1.232                0
           1.255            1.255                0
           1.351            1.351                0
           1.358            1.358                0
            2.56            2.551            0.215
            2.56            2.551           -0.215
           2.564            2.483           0.6389
           2.564            2.483          -0.6389
            2.57            2.348            1.045
            2.57            2.348           -1.045
           2.577            2.149            1.422
           2.577            2.149           -1.422
           2.584            1.891            1.761
           2.584            1.891           -1.761
           2.588            2.588                0
            2.59            1.581            2.051
            2.59            1.581           -2.051
            2.59            2.553           0.4348
            2.59            2.553          -0.4348
           2.594            2.448           0.8572
           2.594            2.448          -0.8572
           2.595            1.227            2.286
           2.595            1.227           -2.286
           2.599           0.8377            2.461
           2.599           0.8377           -2.461
             2.6            2.276            1.256
             2.6            2.276           -1.256
           2.604           0.4244             2.57
           2.604           0.4244            -2.57
           2.606            2.041            1.619
           2.606            2.041           -1.619
            2.61        -0.001729             2.61
            2.61        -0.001729            -2.61
           2.611            1.749            1.939
           2.611            1.749           -1.939
           2.615          -0.4293             2.58
           2.615          -0.4293            -2.58
           2.617            1.407            2.207
           2.617            1.407           -2.207
           2.621          -0.8464            2.481
           2.621          -0.8464           -2.481
           2.624            1.023            2.416
           2.624            1.023           -2.416
           2.626           -1.242            2.314
           2.626           -1.242           -2.314
           2.629           -1.604            2.083
           2.629           -1.604           -2.083
           2.631           -1.925            1.793
           2.631           -1.925           -1.793
           2.632           -2.196            1.452
           2.632           -2.196           -1.452
           2.633           0.6062            2.562
           2.633           0.6062           -2.562
           2.634           -2.408            1.068
           2.634           -2.408           -1.068
           2.637           -2.554           0.6541
           2.637           -2.554          -0.6541
           2.638           -2.629           0.2202
           2.638           -2.629          -0.2202
           2.644           0.1669            2.638
           2.644           0.1669           -2.638
           2.645           -0.625             2.57
           2.645           -0.625            -2.57
           2.645           -1.039            2.433
           2.645           -1.039           -2.433
           2.647          -0.1925             2.64
           2.647          -0.1925            -2.64
           2.647           -1.426             2.23
           2.647           -1.426            -2.23
            2.65           -1.774            1.968
            2.65           -1.774           -1.968
           2.652           0.2486             2.64
           2.652           0.2486            -2.64
           2.654           -2.077            1.653
           2.654           -2.077           -1.653
           2.656          -0.2829            2.641
           2.656          -0.2829           -2.641
            2.66           0.6889            2.569
            2.66           0.6889           -2.569
           2.661           -2.325            1.293
           2.661           -2.325           -1.293
           2.661            2.661                0
           2.662            2.625           0.4452
           2.662            2.625          -0.4452
           2.665            2.516           0.8791
           2.665            2.516          -0.8791
           2.669           -2.513           0.8979
           2.669           -2.513          -0.8979
            2.67            2.337            1.291
            2.67            2.337           -1.291
            2.67            1.117            2.426
            2.67            1.117           -2.426
           2.671           -0.728             2.57
           2.671           -0.728            -2.57
           2.677            2.093            1.669
           2.677            2.093           -1.669
           2.679           -2.636            0.478
           2.679           -2.636           -0.478
           2.682            1.518            2.211
           2.682            1.518           -2.211
           2.687           -1.152            2.427
           2.687           -1.152           -2.427
           2.688             1.79            2.005
           2.688             1.79           -2.005
           2.689           -2.689          0.04467
           2.689           -2.689         -0.04467
           2.696            1.881            1.932
           2.696            1.881           -1.932
           2.697           -2.669           0.3904
           2.697           -2.669          -0.3904
           2.698            -1.54            2.215
           2.698            -1.54           -2.215
           2.701           -2.575           0.8174
           2.701           -2.575          -0.8174
           2.702           -1.884            1.937
           2.702           -1.884           -1.937
           2.703            1.436             2.29
           2.703            1.436            -2.29
           2.703           -2.409            1.226
           2.703           -2.409           -1.226
           2.703           -2.177            1.603
           2.703           -2.177           -1.603
           2.712            -1.99            1.842
           2.712            -1.99           -1.842
           2.712           -2.271            1.482
           2.712           -2.271           -1.482
           2.713            2.193            1.596
           2.713            2.193           -1.596
           2.715           -2.488            1.086
           2.715           -2.488           -1.086
           2.717           -1.651            2.158
           2.717           -1.651           -2.158
           2.717           -2.635           0.6624
           2.717           -2.635          -0.6624
           2.719            -2.71           0.2226
           2.719            -2.71          -0.2226
           2.722            1.037            2.517
           2.722            1.037           -2.517
           2.732           -1.263            2.422
           2.732           -1.263           -2.422
           2.734            2.451            1.212
           2.734            2.451           -1.212
           2.744           0.5977            2.679
           2.744           0.5977           -2.679
           2.753          -0.8342            2.624
           2.753          -0.8342           -2.624
           2.765           0.1234            2.762
           2.765           0.1234           -2.762
           2.765            2.651           0.7865
           2.765            2.651          -0.7865
           2.769           -0.367            2.744
           2.769           -0.367           -2.744
           2.828            2.809           0.3223
           2.828            2.809          -0.3223
           3.033            3.033                0
           3.382            3.278           0.8342
           3.382            3.278          -0.8342
           3.387            3.076            1.417
           3.387            3.076           -1.417
           3.404            2.792            1.948
           3.404            2.792           -1.948
           3.426            2.427            2.419
           3.426            2.427           -2.419
           3.447           -3.433           0.3111
           3.447           -3.433          -0.3111
           3.451            1.987            2.822
           3.451            1.987           -2.822
           3.464            3.458           0.2023
           3.464            3.458          -0.2023
           3.472           -3.345            0.929
           3.472           -3.345           -0.929
           3.481         -0.06775             3.48
           3.481         -0.06775            -3.48
           3.491             1.49            3.157
           3.491             1.49           -3.157
           3.495           -1.803            2.994
           3.495           -1.803           -2.994
           3.507           -1.243             3.28
           3.507           -1.243            -3.28
           3.513          -0.6494            3.452
           3.513          -0.6494           -3.452
           3.513           -2.338            2.622
           3.513           -2.338           -2.622
           3.516           -3.162            1.538
           3.516           -3.162           -1.538
           3.539           0.4844            3.505
           3.539           0.4844           -3.505
           3.549           -2.831            2.139
           3.549           -2.831           -2.139
           3.555           0.9855            3.415
           3.555           0.9855           -3.415
           4.077          -0.4428            4.053
           4.077          -0.4428           -4.053
           4.315           -3.484            2.545
           4.315           -3.484           -2.545
           69.49            69.49                0
           97.39           -97.39                0
       1.394e+18       -1.394e+18                0
        1.96e+18         1.96e+18                0
       1.298e+20       -1.298e+20                0
       6.337e+20        6.337e+20                0
       7.123e+20       -7.123e+20                0
       1.084e+21        1.084e+21                0
       1.854e+21       -1.854e+21                0
        1.12e+22         1.12e+22                0
       5.812e+25       -5.812e+25                0
             Inf              Inf                0


There are 211 eigenvalue(s) larger than 1 in modulus 
for 211 forward-looking variable(s)

The rank condition is verified.

The standard deviation of e_sigma is not estimated (the value provided in estimated_params_init is not used).

Total computing time : 0h00m09s
Trying mode_compute = 4, Chris Sims’ csminwel, and checking if estimation is feasible.
Initial value of the log posterior (or likelihood): -1198853421.2165
-----------------
f at the beginning of new iteration, 1198853421.2165119648
Predicted improvement: 11810105349390983168.000000000
lambda =          1; f =   1204389931.3231223
lambda =    0.33333; f =   1199467802.9602814
lambda =    0.11111; f =   1198921425.6078191
lambda =   0.037037; f =   1198860892.2794225
lambda =   0.012346; f =   1198854224.7761521
lambda =  0.0041152; f =   1198853503.3738012
lambda =  0.0013717; f =   1198853428.4422493
lambda = 0.00045725; f =   1198853421.5331907
lambda = 0.00015242; f =   1253082970.3467824
lambda = 5.0805e-05; f =   1204739533.7714031
lambda = 1.6935e-05; f =   1199463662.2385616
lambda =  5.645e-06; f =   1198909002.9953976
lambda = 1.8817e-06; f =   1198856756.7828252
lambda = 6.2723e-07; f =   1198853437.4831936
lambda = 2.0908e-07; f =   1198853422.1451073
lambda = 6.9692e-08; f =   1198853421.2990656
lambda = 2.3231e-08; f =   1198853421.2203414

ans =

    'Error using US_CMR14_20084_steadystate>nobanks_ss1 (line 174)
     (nobanks_ss1) failed to find steady state on first try, will look more closely now'

lambda = 7.7435e-09; f =      5024196.9021189
lambda = 2.5812e-09; f =     18093820.7559062
Norm of dx 4.8601e+07

ans =

    'Error using US_CMR14_20084_steadystate>nobanks_ss1 (line 174)
     (nobanks_ss1) failed to find steady state on first try, will look more closely now'


ans =

    'Error using US_CMR14_20084_steadystate>nobanks_ss1 (line 174)
     (nobanks_ss1) failed to find steady state on first try, will look more closely now'


ans =

    'Error using US_CMR14_20084_steadystate>nobanks_ss1 (line 174)
     (nobanks_ss1) failed to find steady state on first try, will look more closely now'


ans =

    'Error using US_CMR14_20084_steadystate>nobanks_ss1 (line 174)
     (nobanks_ss1) failed to find steady state on first try, will look more closely now'


ans =

    'Error using US_CMR14_20084_steadystate>nobanks_ss1 (line 174)
     (nobanks_ss1) failed to find steady state on first try, will look more closely now'


ans =

    'Error using US_CMR14_20084_steadystate>nobanks_ss1 (line 174)
     (nobanks_ss1) failed to find steady state on first try, will look more closely now'


ans =

    'Error using US_CMR14_20084_steadystate>nobanks_ss1 (line 174)
     (nobanks_ss1) failed to find steady state on first try, will look more closely now'


ans =

    'Error using US_CMR14_20084_steadystate>nobanks_ss1 (line 174)
     (nobanks_ss1) failed to find steady state on first try, will look more closely now'


ans =

    'Error using US_CMR14_20084_steadystate>nobanks_ss1 (line 174)
     (nobanks_ss1) failed to find steady state on first try, will look more closely now'


ans =

    'Error using US_CMR14_20084_steadystate>nobanks_ss1 (line 174)
     (nobanks_ss1) failed to find steady state on first try, will look more closely now'


ans =

    'Error using US_CMR14_20084_steadystate>nobanks_ss1 (line 174)
     (nobanks_ss1) failed to find steady state on first try, will look more closely now'


ans =

    'Error using US_CMR14_20084_steadystate>nobanks_ss1 (line 174)
     (nobanks_ss1) failed to find steady state on first try, will look more closely now'


ans =

    'Error using US_CMR14_20084_steadystate>nobanks_ss1 (line 174)
     (nobanks_ss1) failed to find steady state on first try, will look more closely now'


ans =

    'Error using US_CMR14_20084_steadystate>nobanks_ss1 (line 174)
     (nobanks_ss1) failed to find steady state on first try, will look more closely now'


ans =

    'Error using US_CMR14_20084_steadystate>nobanks_ss1 (line 174)
     (nobanks_ss1) failed to find steady state on first try, will look more closely now'


ans =

    'Error using US_CMR14_20084_steadystate>nobanks_ss1 (line 174)
     (nobanks_ss1) failed to find steady state on first try, will look more closely now'


ans =

    'Error using US_CMR14_20084_steadystate>nobanks_ss1 (line 174)
     (nobanks_ss1) failed to find steady state on first try, will look more closely now'


ans =

    'Error using US_CMR14_20084_steadystate>nobanks_ss1 (line 174)
     (nobanks_ss1) failed to find steady state on first try, will look more closely now'


ans =

    'Error using US_CMR14_20084_steadystate>nobanks_ss1 (line 174)
     (nobanks_ss1) failed to find steady state on first try, will look more closely now'


ans =

    'Error using US_CMR14_20084_steadystate>nobanks_ss1 (line 174)
     (nobanks_ss1) failed to find steady state on first try, will look more closely now'


ans =

    'Error using US_CMR14_20084_steadystate>nobanks_ss1 (line 174)
     (nobanks_ss1) failed to find steady state on first try, will look more closely now'


ans =

    'Error using US_CMR14_20084_steadystate>nobanks_ss1 (line 174)
     (nobanks_ss1) failed to find steady state on first try, will look more closely now'


ans =

    'Error using US_CMR14_20084_steadystate>nobanks_ss1 (line 174)
     (nobanks_ss1) failed to find steady state on first try, will look more closely now'


ans =

    'Error using US_CMR14_20084_steadystate>nobanks_ss1 (line 174)
     (nobanks_ss1) failed to find steady state on first try, will look more closely now'


ans =

    'Error using US_CMR14_20084_steadystate>nobanks_ss1 (line 174)
     (nobanks_ss1) failed to find steady state on first try, will look more closely now'


ans =

    'Error using US_CMR14_20084_steadystate>nobanks_ss1 (line 174)
     (nobanks_ss1) failed to find steady state on first try, will look more closely now'


ans =

    'Error using US_CMR14_20084_steadystate>nobanks_ss1 (line 174)
     (nobanks_ss1) failed to find steady state on first try, will look more closely now'


ans =

    'Error using US_CMR14_20084_steadystate>nobanks_ss1 (line 174)
     (nobanks_ss1) failed to find steady state on first try, will look more closely now'


ans =

    'Error using US_CMR14_20084_steadystate>nobanks_ss1 (line 174)
     (nobanks_ss1) failed to find steady state on first try, will look more closely now'


ans =

    'Error using US_CMR14_20084_steadystate>nobanks_ss1 (line 174)
     (nobanks_ss1) failed to find steady state on first try, will look more closely now'


ans =

    'Error using US_CMR14_20084_steadystate>nobanks_ss1 (line 174)
     (nobanks_ss1) failed to find steady state on first try, will look more closely now'


ans =

    'Error using US_CMR14_20084_steadystate>nobanks_ss1 (line 174)
     (nobanks_ss1) failed to find steady state on first try, will look more closely now'


ans =

    'Error using US_CMR14_20084_steadystate>nobanks_ss1 (line 174)
     (nobanks_ss1) failed to find steady state on first try, will look more closely now'


ans =

    'Error using US_CMR14_20084_steadystate>nobanks_ss1 (line 174)
     (nobanks_ss1) failed to find steady state on first try, will look more closely now'


ans =

    'Error using US_CMR14_20084_steadystate>nobanks_ss1 (line 174)
     (nobanks_ss1) failed to find steady state on first try, will look more closely now'


ans =

    'Error using US_CMR14_20084_steadystate>nobanks_ss1 (line 174)
     (nobanks_ss1) failed to find steady state on first try, will look more closely now'

----
Improvement on iteration 1 = 1193829224.314393044
smallest step still improving too slow
-----------------
f at the beginning of new iteration,   5024196.9021189259
Predicted improvement: 1523128258807.932617188
lambda =          1; f =     34632143.0979154
lambda =    0.33333; f =      8312903.1674544
lambda =    0.11111; f =      5389263.2047970
lambda =   0.037037; f =      5064645.6142036
lambda =   0.012346; f =      5028653.9517746
lambda =  0.0041152; f =      5024680.4347279
lambda =  0.0013717; f =      5024247.2747065
lambda = 0.00045725; f =      5024201.8256125
lambda = 0.00015242; f =      5024197.3964363
lambda = 5.0805e-05; f =      5024196.9438651
lambda = 1.6935e-05; f =      5024196.9035679
lambda =  5.645e-06; f =      1176573.7335773
lambda = 1.8817e-06; f =      2321814.4881731
Norm of dx      17454
----
Improvement on iteration 2 =  3847623.168541607
-----------------
f at the beginning of new iteration,   1176573.7335773183
Predicted improvement: 7325486755.704725266
lambda =          1; f =      1353260.2225387
lambda =    0.33333; f =      1196132.5325774
lambda =    0.11111; f =      1178724.9503811
lambda =   0.037037; f =      1176807.5253779
lambda =   0.012346; f =      1176598.7611673
lambda =  0.0041152; f =      1176576.2735345
lambda =  0.0013717; f =      1176573.9649014
lambda = 0.00045725; f =      1176573.7509749
lambda = 0.00015242; f =      1176573.7346270
lambda = 5.0805e-05; f =      2457933.6770149
lambda = 1.6935e-05; f =      1005830.6003722
Norm of dx     1213.3
----
Improvement on iteration 3 =   170743.133205134
-----------------
f at the beginning of new iteration,   1005830.6003721838
Predicted improvement: 1052213300.812682748
lambda =          1; f =      1048071.0999633
lambda =    0.33333; f =      1010478.5349288
lambda =    0.11111; f =      1006334.0285820
lambda =   0.037037; f =      1005883.6652516
lambda =   0.012346; f =      1005835.8626704
lambda =  0.0041152; f =      1005831.0646940
lambda =  0.0013717; f =      1005830.6371552
lambda = 0.00045725; f =      1005830.6022245
lambda = 0.00015242; f =      1005830.6003818
lambda = 5.0805e-05; f =       973757.3017471
lambda = 1.6935e-05; f =       976907.4194816
lambda = 3.2739e-05; f =       964100.6124588
Norm of dx     490.72
----
Improvement on iteration 4 =    41729.987913366
-----------------
f at the beginning of new iteration,    964100.6124588179
Predicted improvement: 6098796173.332780838
lambda =          1; f =      1851802.6693893
lambda =    0.33333; f =      1062434.2761248
lambda =    0.11111; f =       974928.7472165
lambda =   0.037037; f =       965273.2674523
lambda =   0.012346; f =       964222.8882428
lambda =  0.0041152; f =       964112.3970578
lambda =  0.0013717; f =       964101.5615268
lambda = 0.00045725; f =       964100.6655644
lambda = 0.00015242; f =       964100.6156906
lambda = 5.0805e-05; f =       964100.6124589
lambda = 1.6935e-05; f =       858783.5322184
Norm of dx     3051.2
----
Improvement on iteration 5 =   105317.080240434
-----------------
f at the beginning of new iteration,    858783.5322183837
Predicted improvement: 328146949.041824281
lambda =          1; f =       878764.9197935
lambda =    0.33333; f =       860973.0886239
lambda =    0.11111; f =       859017.3406441
lambda =   0.037037; f =       858806.9582027
lambda =   0.012346; f =       858785.6562096
lambda =  0.0041152; f =       858783.7235901
lambda =  0.0013717; f =       858783.5443059
lambda = 0.00045725; f =       858783.5322190
lambda = 0.00015242; f =       785295.7619686
lambda = 0.00029465; f =       842635.3013705
lambda =  0.0001984; f =       779588.6064966
Norm of dx     304.23
----
Improvement on iteration 6 =    79194.925721764
-----------------
f at the beginning of new iteration,    779588.6064966194
Predicted improvement: 424639472.372994006
lambda =          1; f =       818902.6007952
lambda =    0.33333; f =       783898.0740433
lambda =    0.11111; f =       780048.6550122
lambda =   0.037037; f =       779634.2619603
lambda =   0.012346; f =       779592.3935552
lambda =  0.0041152; f =       779588.8570765
lambda =  0.0013717; f =       779588.6182480
lambda = 0.00045725; f =      4797510.8308771
lambda = 0.00015242; f =       694118.4381302
Norm of dx     489.73
----
Improvement on iteration 7 =    85470.168366460
-----------------
f at the beginning of new iteration,    694118.4381301593
Predicted improvement: 170478749.948960066
lambda =          1; f =       708761.4810947
lambda =    0.33333; f =       695710.0550287
lambda =    0.11111; f =       694284.3569733
lambda =   0.037037; f =       694133.9456392
lambda =   0.012346; f =       694119.7089550
lambda =  0.0041152; f =       694118.5220152
lambda =  0.0013717; f =       694118.4387990
lambda = 0.00045725; f =       614445.8139450
Norm of dx     269.65
----
Improvement on iteration 8 =    79672.624185181
-----------------
f at the beginning of new iteration,    614445.8139449785
Predicted improvement: 242142411.799697220
lambda =          1; f =       658809.7937794
lambda =    0.33333; f =       619304.1167142
lambda =    0.11111; f =       614962.6382790
lambda =   0.037037; f =       614496.2427555
lambda =   0.012346; f =       614449.6985994
lambda =  0.0041152; f =       614446.0681598
lambda =  0.0013717; f =       614445.8266431
lambda = 0.00045725; f =      1752231.1665463
lambda = 0.00015242; f =       570672.3171107
Norm of dx     441.61
----
Improvement on iteration 9 =    43773.496834242
-----------------
f at the beginning of new iteration,    570672.3171107365
Predicted improvement: 196013813.391162694
lambda =          1; f =       610745.3231038
lambda =    0.33333; f =       575047.1023835
lambda =    0.11111; f =       571133.2578473
lambda =   0.037037; f =       570715.8571606
lambda =   0.012346; f =       570675.1787259
lambda =  0.0041152; f =       570672.3570099
lambda =  0.0013717; f =       570672.3175480
lambda = 0.00045725; f =       506589.9036404
Norm of dx     408.47
----
Improvement on iteration 10 =    64082.413470345
-----------------
f at the beginning of new iteration,    506589.9036403917
Predicted improvement: 641918708.687551022
lambda =          1; f =      1013520.0845479
lambda =    0.33333; f =       562656.5552059
lambda =    0.11111; f =       512734.1456945
lambda =   0.037037; f =       507245.0193083
lambda =   0.012346; f =       506654.2796660
lambda =  0.0041152; f =       506594.7642158
lambda =  0.0013717; f =       506590.0040892
lambda = 0.00045725; f =       506589.9058492
lambda = 0.00015242; f =       506589.9036726
lambda = 5.0805e-05; f =       468291.9378996
Norm of dx     1384.4
----
Improvement on iteration 11 =    38297.965740796
-----------------
f at the beginning of new iteration,    468291.9378995955
Predicted improvement: 50523381.466660306
lambda =          1; f =       476567.8475256
lambda =    0.33333; f =       469165.6456361
lambda =    0.11111; f =       468374.7659281
lambda =   0.037037; f =       468297.3893858
lambda =   0.012346; f =       468292.0372944
lambda =  0.0041152; f =       468291.9421778
lambda =  0.0013717; f =       468291.9381838
lambda = 0.00045725; f =       468291.9379004
lambda = 0.00015242; f =       453666.8787280
lambda = 0.00029465; f =       441946.6715784
lambda = 0.00056961; f =       468291.9379078
lambda = 0.00038354; f =       435916.7970917
lambda = 0.00048626; f =       468291.9379016
lambda = 0.00042173; f =       468291.9378997
lambda =  0.0003872; f =       435694.0435924
lambda = 0.00040756; f =       468291.9378996
lambda = 0.00039522; f =       435214.0757168
lambda = 0.00040258; f =       434786.8955868
lambda = 0.00041008; f =       468291.9378996
lambda = 0.00040556; f =       468291.9378996
Norm of dx     147.92
Cliff.  Perturbing search direction.
Predicted improvement: 139941907.619691610
lambda =          1; f =       488815.0716714
lambda =    0.33333; f =       470505.6683242
lambda =    0.11111; f =       468516.8323416
lambda =   0.037037; f =       468310.9683871
lambda =   0.012346; f =       468292.8556247
lambda =  0.0041152; f =       468291.9418354
lambda =  0.0013717; f =       468291.9381611
lambda = 0.00045725; f =       468291.9379001
lambda = 0.00015242; f =       428335.2317569
lambda = 0.00029465; f =       397147.9852761
lambda = 0.00056961; f =       468291.9379062
lambda = 0.00038354; f =       381058.4026859
lambda = 0.00048626; f =       468291.9379010
lambda = 0.00042173; f =       468291.9378996
lambda =  0.0003872; f =       380453.5829437
lambda = 0.00040756; f =       377171.5590639
lambda =   0.000429; f =       468291.9378996
lambda = 0.00041601; f =       375859.2212587
lambda = 0.00042375; f =       468291.9378996
lambda = 0.00041909; f =       468291.9378996
Norm of dx     206.42
Cliff again.  Try traversing
Predicted improvement: 899598303183.553710938
lambda =          1; f = 1243835357916.6425781
lambda =    0.33333; f = 138203947524.8521423
lambda =    0.11111; f =  15356277965.9155617
lambda =   0.037037; f =   1706625213.4915226
lambda =   0.012346; f =    190026566.4488613
lambda =  0.0041152; f =     21525417.8530130
lambda =  0.0013717; f =      2806338.7379197
lambda = 0.00045725; f =       727531.3014282
lambda = 0.00015242; f =       496916.1116947
lambda = 5.0805e-05; f =       471413.3398151
lambda = 1.6935e-05; f =       468620.0202673
lambda =  5.645e-06; f =       468322.8367522
lambda = 1.8817e-06; f =       468293.9424652
lambda = 6.2723e-07; f =       468291.9411461
lambda = 2.0908e-07; f =       325436.3325293
Norm of dx 1.3413e+06
----
Improvement on iteration 12 =   142855.605370334
-----------------
f at the beginning of new iteration,    325436.3325292618
Predicted improvement: 21093716.264381889
lambda =          1; f =       327394.4948100
lambda =    0.33333; f =       325636.3419306
lambda =    0.11111; f =       325453.8278316
lambda =   0.037037; f =       325437.2217533
lambda =   0.012346; f =       325436.3428579
lambda =  0.0041152; f =       325436.3333701
lambda =  0.0013717; f =       325436.3325549
lambda = 0.00045725; f =       307596.2513615
lambda = 0.00088394; f =       325436.3325299
lambda =  0.0005952; f =       302779.9284359
lambda =  0.0007546; f =       297538.2194091
lambda =  0.0009567; f =       325436.3325313
lambda = 0.00082974; f =       325436.3325294
lambda =  0.0007618; f =       297310.3230606
lambda = 0.00080187; f =       325436.3325293
lambda = 0.00077758; f =       296814.8664884
lambda = 0.00079206; f =       325436.3325293
lambda = 0.00078334; f =       296636.3022874
Norm of dx     71.942
Cliff.  Perturbing search direction.
Predicted improvement: 44495445.099593595
lambda =          1; f =       328464.1555385
lambda =    0.33333; f =       325751.5736384
lambda =    0.11111; f =       325465.4459576
lambda =   0.037037; f =       325438.1346970
lambda =   0.012346; f =       325436.3426231
lambda =  0.0041152; f =       325436.3333326
lambda =  0.0013717; f =       325436.3325527
lambda = 0.00045725; f =       288474.9662396
lambda = 0.00088394; f =       325436.3325297
lambda =  0.0005952; f =       278680.0982056
lambda =  0.0007546; f =       268065.9138365
lambda =  0.0009567; f =       325436.3325309
lambda = 0.00082974; f =       325436.3325293
lambda =  0.0007618; f =       267604.0296734
lambda = 0.00080187; f =       265067.0002585
lambda = 0.00084404; f =       325436.3325294
lambda = 0.00081848; f =       325436.3325293
lambda = 0.00080351; f =       264964.9443171
lambda = 0.00081246; f =       325436.3325293
Norm of dx     108.94
Cliff again.  Try traversing
Predicted improvement: 337468961504.053161621
lambda =          1; f =  59525222300.9116135
lambda =    0.33333; f =   6614095607.9100313
lambda =    0.11111; f =    735153038.7219665
lambda =   0.037037; f =     81961033.6384397
lambda =   0.012346; f =      9392089.4971711
lambda =  0.0041152; f =      1331521.9189601
lambda =  0.0013717; f =       436785.9977636
lambda = 0.00045725; f =       337664.9777697
lambda = 0.00015242; f =       326749.5544287
lambda = 5.0805e-05; f =       325568.5011654
lambda = 1.6935e-05; f =       325447.0232620
lambda =  5.645e-06; f =       325436.6920570
lambda = 1.8817e-06; f =       325436.4232894
lambda = 6.2723e-07; f =       111066.1915799
Norm of dx 8.2155e+05
----
Improvement on iteration 13 =   214370.140949334
-----------------
f at the beginning of new iteration,    111066.1915799274
Predicted improvement:  2619167.608217536
lambda =          1; f =       111146.9137600
lambda =    0.33333; f =       111070.9180028
lambda =    0.11111; f =       111066.2642452
lambda =   0.037037; f =       111066.1929443
lambda =   0.012346; f =       111066.1916461
lambda =  0.0041152; f =        94454.4882316
lambda =  0.0079555; f =       111066.1915890
lambda =  0.0053568; f =        91122.4978945
lambda =  0.0067914; f =       111066.1915827
lambda =  0.0058901; f =       111066.1915803
lambda =  0.0054079; f =       111066.1915799
Norm of dx      25.62
Cliff.  Perturbing search direction.
Predicted improvement:  4188430.158704927
lambda =          1; f =       111225.4922658
lambda =    0.33333; f =       111077.8277397
lambda =    0.11111; f =       111066.5052614
lambda =   0.037037; f =       111066.1928251
lambda =   0.012346; f =       111066.1916366
lambda =  0.0041152; f =        87587.1165041
Norm of dx     31.919

badg2 =

     0

----
Improvement on iteration 14 =    23479.075075812
-----------------
f at the beginning of new iteration,     87587.1165041153
Predicted improvement:   659289.268642485
lambda =          1; f =        87607.2066191
lambda =    0.33333; f =        87587.9453858
lambda =    0.11111; f =        87587.1167801
lambda =   0.037037; f =       116312.4833101
lambda =   0.012346; f =        78146.8516775
Norm of dx     11.453
----
Improvement on iteration 15 =     9440.264826628
-----------------
f at the beginning of new iteration,     78146.8516774868
Predicted improvement:   622850.046545126
lambda =          1; f =        78206.1350662
lambda =    0.33333; f =        78150.3714515
lambda =    0.11111; f =        78146.8971427
lambda =   0.037037; f =        78146.8516783
lambda =   0.012346; f =        71756.1853235
Norm of dx     15.749
----
Improvement on iteration 16 =     6390.666354030
-----------------
f at the beginning of new iteration,     71756.1853234567
Predicted improvement:   357600.557754000
lambda =          1; f =        71767.1661290
lambda =    0.33333; f =        71756.4242545
lambda =    0.11111; f =        71756.6166995
lambda =   0.037037; f =        71756.1902958
lambda =   0.012346; f =        70746.3850804
lambda =  0.0041152; f =        69537.3810364
lambda =  0.0079555; f =        68993.2618661
Norm of dx     12.219
----
Improvement on iteration 17 =     2762.923457317
-----------------
f at the beginning of new iteration,     68993.2618661397
Predicted improvement:    99753.343225358
lambda =          1; f =        68995.0039138
lambda =    0.33333; f =        68993.3256168
lambda =    0.11111; f =        68993.2625284
lambda =   0.037037; f =        67224.6282833
lambda =   0.012346; f =        67159.6484878
lambda =   0.023866; f =        66550.1298826
Norm of dx     5.0969
----
Improvement on iteration 18 =     2443.131983547
-----------------
f at the beginning of new iteration,     66550.1298825923
Predicted improvement:   135075.429033134
lambda =          1; f =        66557.1958839
lambda =    0.33333; f =        66550.5257842
lambda =    0.11111; f =        66550.1341722
lambda =   0.037037; f =        75344.4916240
lambda =   0.012346; f =        64204.9996029
lambda =   0.023866; f =        64932.7425417
lambda =    0.01607; f =        64021.4472523
Norm of dx     8.6006
----
Improvement on iteration 19 =     2528.682630313
-----------------
f at the beginning of new iteration,     64021.4472522795
Predicted improvement:   121080.637299259
lambda =          1; f =        64030.7935358
lambda =    0.33333; f =        64021.8621128
lambda =    0.11111; f =        64021.4474724
lambda =   0.037037; f =        64381.8173289
lambda =   0.012346; f =        61622.1672100
lambda =   0.023866; f =        61317.5757249
Norm of dx     8.1739
----
Improvement on iteration 20 =     2703.871527333
-----------------
f at the beginning of new iteration,     61317.5757249461
Predicted improvement:   334473.176062684
lambda =          1; f =        61416.0096775
lambda =    0.33333; f =        61326.0616658
lambda =    0.11111; f =        61318.0184639
lambda =   0.037037; f =        61317.5789687
lambda =   0.012346; f =        61317.5757268
lambda =  0.0041152; f =        59052.9453289
lambda =  0.0079555; f =        58166.7809051
Norm of dx     23.193
----
Improvement on iteration 21 =     3150.794819879
-----------------
f at the beginning of new iteration,     58166.7809050670
Predicted improvement:    83578.359040193
lambda =          1; f =        58168.6744565
lambda =    0.33333; f =        58166.8358143
lambda =    0.11111; f =        58166.7810652
lambda =   0.037037; f =        58166.7820448
lambda =   0.012346; f =        58166.7809137
lambda =  0.0041152; f =        57570.4703587
lambda =  0.0079555; f =        57176.6349526
lambda =   0.015379; f =        58166.7809502
lambda =   0.010356; f =        58166.7809053
lambda =   0.008168; f =        57159.4272633
lambda =  0.0094179; f =        57068.5555102
Norm of dx     5.9783
----
Improvement on iteration 22 =     1098.225394871
warning: possible inaccuracy in H matrix
-----------------
f at the beginning of new iteration,     57068.5555101961
Predicted improvement:    37761.943173064
lambda =          1; f =        57068.5604330
lambda =    0.33333; f =        57068.5558865
lambda =    0.11111; f =        57068.5555394
lambda =   0.037037; f =        57068.5555119
lambda =   0.012346; f =        56174.3935540
lambda =   0.023866; f =        57068.5555105
lambda =    0.01607; f =        57068.5555102
lambda =   0.012676; f =        56151.6976612
lambda =   0.014615; f =        57068.5555102
lambda =   0.013418; f =        57068.5555102
lambda =   0.012748; f =        56146.7295467
lambda =   0.013146; f =        56119.5064432
lambda =   0.013557; f =        57068.5555102
lambda =   0.013309; f =        57068.5555102
lambda =   0.013162; f =        56118.4039801
Norm of dx     2.7886
Cliff.  Perturbing search direction.
Predicted improvement:   204912.806830441
lambda =          1; f =        57069.4338381
lambda =    0.33333; f =        57068.9050195
lambda =    0.11111; f =        57068.5555335
lambda =   0.037037; f =        57068.5555115
lambda =   0.012346; f =        52740.6729612
lambda =   0.023866; f =        57068.5555104
lambda =    0.01607; f =        57068.5555102
lambda =   0.012676; f =        52644.4704030
lambda =   0.014615; f =        57068.5555102
lambda =   0.013418; f =        52431.4306430
lambda =   0.014124; f =        52233.7078715
lambda =   0.014867; f =        57068.5555102
lambda =   0.014417; f =        52153.0868948
lambda =   0.014685; f =        57068.5555102
lambda =   0.014523; f =        52123.8566199
Norm of dx     4.3268
Cliff again.  Try traversing
Predicted improvement: 4947193572.865767479
lambda =          1; f =   1464887814.6690261
lambda =    0.33333; f =    162800816.0030720
lambda =    0.11111; f =     18134634.7309260
lambda =   0.037037; f =      2063998.5605631
lambda =   0.012346; f =       279500.3097406
lambda =  0.0041152; f =        81598.7230922
lambda =  0.0013717; f =        59734.6102886
lambda = 0.00045725; f =        57346.1546855
lambda = 0.00015242; f =        57093.9603837
lambda = 5.0805e-05; f =        57070.1668436
lambda = 1.6935e-05; f =        57068.5610146
lambda =  5.645e-06; f =        57068.5556940
lambda = 1.8817e-06; f =        49629.6755860
Norm of dx      99471
----
Improvement on iteration 23 =     7438.879924186
-----------------
f at the beginning of new iteration,     49629.6755860100
Predicted improvement:    71591.744847857
lambda =          1; f =        49630.9847727
lambda =    0.33333; f =        49629.7268911
lambda =    0.11111; f =        42210.3635260
Norm of dx     3.5579
----
Improvement on iteration 24 =     7419.312060058
-----------------
f at the beginning of new iteration,     42210.3635259519
Predicted improvement:   245488.801070239
lambda =          1; f =        42239.8009359
lambda =    0.33333; f =        42212.3399503
lambda =    0.11111; f =        42210.4174193
lambda =   0.037037; f =        42210.3643683
lambda =   0.012346; f =        38606.3457530
Norm of dx     13.769
----
Improvement on iteration 25 =     3604.017772902
-----------------
f at the beginning of new iteration,     38606.3457530499
Predicted improvement:    21074.776306096
lambda =          1; f =        38606.4665095
lambda =    0.33333; f =        38606.3572799
lambda =    0.11111; f =        38606.3465914
lambda =   0.037037; f =        38606.3457610
lambda =   0.012346; f =        38109.9715195
lambda =   0.023866; f =        37688.4288783
lambda =   0.046138; f =        38606.3457894
lambda =   0.031067; f =        38606.3457536
lambda =   0.024504; f =        37666.2268236
lambda =   0.028254; f =        37538.0105683
lambda =   0.032577; f =        38606.3457546
lambda =   0.029909; f =        38606.3457531
lambda =   0.028415; f =        37532.5814193
lambda =   0.029302; f =        38606.3457531
lambda =   0.028767; f =        37520.7736662
lambda =   0.029087; f =        38606.3457531
Norm of dx     1.7665
Cliff.  Perturbing search direction.
Predicted improvement:    54986.210616768
lambda =          1; f =        38606.5497889
lambda =    0.33333; f =        38606.3636631
lambda =    0.11111; f =        38606.3471802
lambda =   0.037037; f =        38606.3457862
lambda =   0.012346; f =        37330.1213223
lambda =   0.023866; f =        38606.3457531
lambda =    0.01607; f =        36975.1189090
lambda =   0.020374; f =        36580.8931774
lambda =   0.025831; f =        38606.3457539
lambda =   0.022403; f =        36400.7956283
lambda =   0.024401; f =        38606.3457531
lambda =   0.023182; f =        36332.6079083
lambda =   0.023906; f =        38606.3457531
lambda =   0.023469; f =        36307.6153116
lambda =    0.02373; f =        38606.3457530
Norm of dx     2.6123
Cliff again.  Try traversing
Predicted improvement: 1266394750.246789932
lambda =          1; f =    388432547.5602922
lambda =    0.33333; f =     43187763.8182845
lambda =    0.11111; f =      4831049.9332529
lambda =   0.037037; f =       570465.3822021
lambda =   0.012346; f =        97491.2811807
lambda =  0.0041152; f =        45079.9974323
lambda =  0.0013717; f =        39303.4292289
lambda = 0.00045725; f =        38676.9073717
lambda = 0.00015242; f =        38612.2346804
lambda = 5.0805e-05; f =        38606.5694318
lambda = 1.6935e-05; f =        38606.4339541
lambda =  5.645e-06; f =        38606.3479756
lambda = 1.8817e-06; f =        34423.5541226
lambda = 3.6376e-06; f =        38606.3457605
lambda = 2.4494e-06; f =        33506.4368780
lambda = 3.1054e-06; f =        32584.9826953
lambda =  3.937e-06; f =        38606.3458404
lambda = 3.4146e-06; f =        32195.7843808
lambda = 3.7191e-06; f =        38606.3457735
lambda = 3.5333e-06; f =        38606.3457532
lambda = 3.4263e-06; f =        32181.6285613
lambda = 3.4901e-06; f =        32105.1182209
lambda = 3.5551e-06; f =        38606.3457538
lambda = 3.5159e-06; f =        38606.3457531
Norm of dx      50327
----
Improvement on iteration 26 =     6501.227532182
back and forth on step length never finished
-----------------
f at the beginning of new iteration,     32105.1182208679
Predicted improvement:    21074.776306096
lambda =          1; f =        32105.2365496
lambda =    0.33333; f =        32105.1297383
lambda =    0.11111; f =        32105.1190567
lambda =   0.037037; f =        32105.1182286
lambda =   0.012346; f =        32105.1182270
lambda =  0.0041152; f =        32105.1182211
lambda =  0.0013717; f =        32059.7250855
Norm of dx     1.7665
----
Improvement on iteration 27 =       45.393135322
-----------------
f at the beginning of new iteration,     32059.7250855456
Predicted improvement:    21555.570466836
lambda =          1; f =        32060.0612679
lambda =    0.33333; f =        32059.7596712
lambda =    0.11111; f =        32059.7281605
lambda =   0.037037; f =        32059.7252282
lambda =   0.012346; f =        32059.7251254
lambda =  0.0041152; f =        32059.7250894
lambda =  0.0013717; f =        32059.7250858
lambda = 0.00045725; f =        32059.7250855
lambda = 0.00015242; f =        32053.1732099
lambda = 0.00029465; f =        32047.0930620
lambda = 0.00056961; f =        32059.7250856
lambda = 0.00038354; f =        32043.3096796
lambda = 0.00048626; f =        32059.7250855
lambda = 0.00042173; f =        32059.7250855
lambda =  0.0003872; f =        32043.1542707
lambda = 0.00040756; f =        32059.7250855
lambda = 0.00039522; f =        32042.8135864
lambda = 0.00040258; f =        32059.7250855
lambda = 0.00039815; f =        32059.7250855
Norm of dx     1.8214
Cliff.  Perturbing search direction.
Predicted improvement:    63737.863835176
lambda =          1; f =        32061.1011144
lambda =    0.33333; f =        32059.7986088
lambda =    0.11111; f =        32059.7321155
lambda =   0.037037; f =        32059.7255439
lambda =   0.012346; f =        32059.7250859
lambda =  0.0041152; f =        32059.7250963
lambda =  0.0013717; f =        32059.7250865
lambda = 0.00045725; f =        32059.7250856
lambda = 0.00015242; f =        32040.3917303
lambda = 0.00029465; f =        32059.7250855
lambda =  0.0001984; f =        32034.5965694
lambda = 0.00025153; f =        32059.7250855
lambda = 0.00021815; f =        32032.1122684
lambda = 0.00023761; f =        32029.6687335
lambda =  0.0002588; f =        32059.7250855
lambda = 0.00024587; f =        32028.6322975
lambda = 0.00025355; f =        32059.7250855
lambda = 0.00024891; f =        32059.7250855
lambda = 0.00024617; f =        32028.5943321
Norm of dx     2.5764
Cliff again.  Try traversing
Predicted improvement: 792134875.475193024
lambda =          1; f =    298818172.4224561
lambda =    0.33333; f =     33207615.0657860
lambda =    0.11111; f =      3710843.0222580
lambda =   0.037037; f =       438594.6087148
lambda =   0.012346; f =        76646.2397296
lambda =  0.0041152; f =        36844.9452816
lambda =  0.0013717; f =        32539.8642584
lambda = 0.00045725; f =        32099.1341661
lambda = 0.00015242; f =        32061.3045672
lambda = 5.0805e-05; f =        32059.7374467
lambda = 1.6935e-05; f =        32059.9001576
lambda =  5.645e-06; f =        32059.7311988
lambda = 1.8817e-06; f =        31522.3829146
lambda = 6.2723e-07; f =        31401.1931084
Norm of dx      39803
----
Improvement on iteration 28 =      658.531977179
-----------------
f at the beginning of new iteration,     31401.1931083668
Predicted improvement:    13259.213866727
lambda =          1; f =        31401.1943122
lambda =    0.33333; f =        31401.1931234
lambda =    0.11111; f =        30013.8464001
Norm of dx     1.2833
----
Improvement on iteration 29 =     1387.346708239
-----------------
f at the beginning of new iteration,     30013.8464001276
Predicted improvement:    30828.269362307
lambda =          1; f =        30014.7419642
lambda =    0.33333; f =        30013.8470599
lambda =    0.11111; f =        25495.1058247
Norm of dx      3.424
----
Improvement on iteration 30 =     4518.740575475
-----------------
f at the beginning of new iteration,     25495.1058246529
Predicted improvement:    14312.673973775
lambda =          1; f =        25495.3216251
lambda =    0.33333; f =        25495.1074719
lambda =    0.11111; f =        25584.3558092
lambda =   0.037037; f =        24650.9388959
lambda =   0.071599; f =        24625.6172576
Norm of dx     1.7745
----
Improvement on iteration 31 =      869.488567050
-----------------
f at the beginning of new iteration,     24625.6172576029
Predicted improvement:    17807.893597280
lambda =          1; f =        24626.8121121
lambda =    0.33333; f =        24625.6634043
lambda =    0.11111; f =        24625.6175009
lambda =   0.037037; f =        23418.7076278
lambda =   0.071599; f =        22486.0453180
lambda =    0.13841; f =        24625.6188481
lambda =     0.0932; f =        21996.0233341
lambda =    0.11816; f =        24625.6177358
lambda =    0.10248; f =        24625.6173203
lambda =   0.094089; f =        24625.6172578
Norm of dx     2.6188
Cliff.  Perturbing search direction.
Predicted improvement:    28213.249634265
lambda =          1; f =        24627.5616566
lambda =    0.33333; f =        24625.7345459
lambda =    0.11111; f =        24625.6206085
lambda =   0.037037; f =        22782.4071380
lambda =   0.071599; f =        24625.6173170
lambda =   0.048211; f =        22317.2015590
lambda =   0.061123; f =        21828.5627839
lambda =   0.077493; f =        24625.6174884
lambda =   0.067209; f =        24625.6172621
lambda =   0.061706; f =        21807.7159424
lambda =   0.064951; f =        21693.5606758
lambda =   0.068367; f =        24625.6172706
lambda =   0.066297; f =        24625.6172585
lambda =   0.065084; f =        21688.9405154
lambda =   0.065809; f =        24625.6172577
Norm of dx     2.9928
Cliff again.  Try traversing
Predicted improvement: 13028922.003748614
lambda =          1; f =     13933924.8535869
lambda =    0.33333; f =      1563088.2905651
lambda =    0.11111; f =       193484.3506537
lambda =   0.037037; f =        42861.6372069
lambda =   0.012346; f =        26518.5987356
lambda =  0.0041152; f =        24808.9724016
lambda =  0.0013717; f =        24640.6511066
lambda = 0.00045725; f =        24626.2593232
lambda = 0.00015242; f =        24625.6231090
lambda = 5.0805e-05; f =        24638.3480188
lambda = 1.6935e-05; f =        24220.2100653
lambda = 3.2739e-05; f =        24142.7943500
Norm of dx     5104.7
----
Improvement on iteration 32 =     2936.676742247
back and forth on step length never finished
-----------------
f at the beginning of new iteration,     21688.9405153556
Predicted improvement:    17807.893597280
lambda =          1; f =        21690.4040881
lambda =    0.33333; f =        21689.0319791
lambda =    0.11111; f =        21688.9501695
lambda =   0.037037; f =        21688.9415634
lambda =   0.012346; f =        21688.9406238
lambda =  0.0041152; f =        21688.9405249
lambda =  0.0013717; f =        21688.9405158
lambda = 0.00045725; f =        21679.3083466
Norm of dx     2.6188
----
Improvement on iteration 33 =        9.632168798
-----------------
f at the beginning of new iteration,     21679.3083465575
Predicted improvement:     7228.737317503
lambda =          1; f =        21679.5727131
lambda =    0.33333; f =        21679.3194292
lambda =    0.11111; f =        21679.3095213
lambda =   0.037037; f =        21679.3084746
lambda =   0.012346; f =        21679.3083600
lambda =  0.0041152; f =        21679.3083478
lambda =  0.0013717; f =        21679.3083466
lambda = 0.00045725; f =        21672.7017492
lambda = 0.00088394; f =        21679.3083466
lambda =  0.0005952; f =        21679.3083466
lambda = 0.00046946; f =        21672.5253401
lambda =  0.0005413; f =        21679.3083466
lambda = 0.00049698; f =        21672.1280647
lambda = 0.00052311; f =        21679.3083466
lambda = 0.00050727; f =        21671.9794220
lambda = 0.00051672; f =        21671.8430163
lambda = 0.00052634; f =        21679.3083466
lambda = 0.00052055; f =        21679.3083466
Norm of dx     1.5798
Cliff.  Perturbing search direction.
Predicted improvement:    17190.714812953
lambda =          1; f =        21679.7153033
lambda =    0.33333; f =        21679.3230393
lambda =    0.11111; f =        21679.3098993
lambda =   0.037037; f =        21679.3085163
lambda =   0.012346; f =        21679.3083645
lambda =  0.0041152; f =        21679.3083483
lambda =  0.0013717; f =        21679.3083467
lambda = 0.00045725; f =        21679.3083466
lambda = 0.00015242; f =        21674.0701857
lambda = 0.00029465; f =        21669.1856856
lambda = 0.00056961; f =        21679.3083466
lambda = 0.00038354; f =        21666.1347099
lambda = 0.00048626; f =        21679.3083466
lambda = 0.00042173; f =        21664.8244044
lambda = 0.00045934; f =        21679.3083466
lambda = 0.00043639; f =        21664.3214732
lambda = 0.00045002; f =        21663.8539426
lambda = 0.00046407; f =        21679.3083466
lambda = 0.00045559; f =        21679.3083466
lambda = 0.00045057; f =        21663.8349408
Norm of dx     2.0239
Cliff again.  Try traversing
Predicted improvement: 476250718.672180951
lambda =          1; f =    217169061.4445477
lambda =    0.33333; f =     24137323.9607850
lambda =    0.11111; f =      2697470.6686773
lambda =   0.037037; f =       317969.6920833
lambda =   0.012346; f =        54312.9262895
lambda =  0.0041152; f =        25215.3930685
lambda =  0.0013717; f =        22047.8425048
lambda = 0.00045725; f =        21715.0312163
lambda = 0.00015242; f =        21682.0993945
lambda = 5.0805e-05; f =        21679.4134313
lambda = 1.6935e-05; f =        21679.3083468
lambda =  5.645e-06; f =        21679.3083466
lambda = 1.8817e-06; f =        21679.3083524
lambda = 6.2723e-07; f =        21148.2550775
lambda = 1.2125e-06; f =        20802.4428978
lambda = 2.3441e-06; f =        21679.3084479
lambda = 1.5784e-06; f =        20673.7868186
Norm of dx      30863
----
Improvement on iteration 34 =     1005.521527970
-----------------
f at the beginning of new iteration,     20673.7868185872
Predicted improvement:    10771.451980834
lambda =          1; f =        20674.5607026
lambda =    0.33333; f =        20673.8378342
lambda =    0.11111; f =        20673.7923578
lambda =   0.037037; f =        20673.7874306
lambda =   0.012346; f =        20673.7868855
lambda =  0.0041152; f =        20673.7868256
lambda =  0.0013717; f =        20673.7868193
lambda = 0.00045725; f =        20673.7868186
lambda = 0.00015242; f =        20670.5054023
lambda = 0.00029465; f =        20673.7868186
lambda =  0.0001984; f =        20673.7868186
lambda = 0.00015649; f =        20673.7868186
lambda = 0.00015363; f =        20670.4793438
lambda = 0.00015534; f =        20673.7868186
Norm of dx     2.0329
Cliff.  Perturbing search direction.
Predicted improvement:    15042.662470488
lambda =          1; f =        20674.5890295
lambda =    0.33333; f =        20673.8421559
lambda =    0.11111; f =        20673.7927934
lambda =   0.037037; f =        20673.7874789
lambda =   0.012346; f =        20673.7868908
lambda =  0.0041152; f =        20673.7868262
lambda =  0.0013717; f =        20673.7868193
lambda = 0.00045725; f =        20673.7868186
lambda = 0.00015242; f =        20673.7868186
lambda = 5.0805e-05; f =        20672.2587247
lambda = 9.8216e-05; f =        20670.8332570
lambda = 0.00018987; f =        20673.7868186
lambda = 0.00012785; f =        20669.9426070
lambda = 0.00016209; f =        20673.7868186
lambda = 0.00014058; f =        20669.5600355
lambda = 0.00015311; f =        20673.7868186
lambda = 0.00014546; f =        20669.4131845
lambda = 0.00015001; f =        20673.7868186
lambda = 0.00014726; f =        20669.3590789
lambda =  0.0001489; f =        20669.3098123
lambda = 0.00015056; f =        20673.7868186
Norm of dx     2.2123
Cliff again.  Try traversing
Predicted improvement: 246913723.544651479
lambda =          1; f =     15725768.9601130
lambda =    0.33333; f =      1762658.4736944
lambda =    0.11111; f =       213245.7494066
lambda =   0.037037; f =        41770.1121830
lambda =   0.012346; f =        22928.8274864
lambda =  0.0041152; f =        20896.4372199
lambda =  0.0013717; f =        20690.6253153
lambda = 0.00045725; f =        20674.2028348
lambda = 0.00015242; f =        20673.7888761
lambda = 5.0805e-05; f =        20673.7870283
lambda = 1.6935e-05; f =        20673.7868412
lambda =  5.645e-06; f =        20673.7868209
lambda = 1.8817e-06; f =        20673.7868188
lambda = 6.2723e-07; f =        20673.7868186
lambda = 2.0908e-07; f =        20571.8004886
lambda = 4.0418e-07; f =        20673.7868186
lambda = 2.7215e-07; f =        20541.5501780
lambda = 3.4504e-07; f =        20506.8946130
lambda = 4.3745e-07; f =        20673.7868186
lambda =  3.794e-07; f =        20673.7868186
lambda = 3.4833e-07; f =        20505.3376018
lambda = 3.6665e-07; f =        20673.7868186
lambda = 3.5555e-07; f =        20501.9258928
lambda = 3.6217e-07; f =        20673.7868186
lambda = 3.5818e-07; f =        20500.6812409
Norm of dx      22222
----
Improvement on iteration 35 =      173.105577721
back and forth on step length never finished
-----------------
f at the beginning of new iteration,     20500.6812408665
Predicted improvement:    10771.451980834
lambda =          1; f =        20501.4543108
lambda =    0.33333; f =        20500.7323129
lambda =    0.11111; f =        20500.6867954
lambda =   0.037037; f =        20500.6818580
lambda =   0.012346; f =        20500.6813094
lambda =  0.0041152; f =        20500.6812485
lambda =  0.0013717; f =        20500.6812417
lambda = 0.00045725; f =        20500.6812410
lambda = 0.00015242; f =        20500.6812409
lambda = 5.0805e-05; f =        20500.6812409
lambda = 1.6935e-05; f =        20500.6812409
lambda =  5.645e-06; f =        20500.6812409
lambda = 1.8817e-06; f =        20500.6812409
Norm of dx     2.0329
----
Improvement on iteration 36 =        0.000000000
improvement < crit termination

Final value of minus the log posterior (or likelihood):20500.681241 

POSTERIOR KERNEL OPTIMIZATION PROBLEM!
 (minus) the hessian matrix at the "mode" is not positive definite!
=> posterior variance of the estimated parameters are not positive.
You should try to change the initial values of the parameters using
the estimated_params_init block, or use another optimization routine.
[Warning: The results below are most likely wrong!] 
[> In <a href="matlab:matlab.internal.language.introspective.errorDocCallback('dynare_estimation_1', 'C:\dynare\4.5.7\matlab\dynare_estimation_1.m', 316)" style="font-weight:bold">dynare_estimation_1</a> (<a href="matlab: opentoline('C:\dynare\4.5.7\matlab\dynare_estimation_1.m',316,0)">line 316</a>)
  In <a href="matlab:matlab.internal.language.introspective.errorDocCallback('dynare_estimation', 'C:\dynare\4.5.7\matlab\dynare_estimation.m', 105)" style="font-weight:bold">dynare_estimation</a> (<a href="matlab: opentoline('C:\dynare\4.5.7\matlab\dynare_estimation.m',105,0)">line 105</a>)
  In <a href="matlab:matlab.internal.language.introspective.errorDocCallback('modeestimate', 'C:\Users\Farkas\Documents\GitHub\MMBForecast-platform\MMB_Estimation\ALGORITHMS\modeestimate.m', 84)" style="font-weight:bold">modeestimate</a> (<a href="matlab: opentoline('C:\Users\Farkas\Documents\GitHub\MMBForecast-platform\MMB_Estimation\ALGORITHMS\modeestimate.m',84,0)">line 84</a>)
  In <a href="matlab:matlab.internal.language.introspective.errorDocCallback('Main', 'C:\Users\Farkas\Documents\GitHub\MMBForecast-platform\MMB_Estimation\ALGORITHMS\Main.m', 97)" style="font-weight:bold">Main</a> (<a href="matlab: opentoline('C:\Users\Farkas\Documents\GitHub\MMBForecast-platform\MMB_Estimation\ALGORITHMS\Main.m',97,0)">line 97</a>)] 
[Warning: Matrix is singular, close to singular or badly scaled. Results may be inaccurate. RCOND = NaN.] 
[> In <a href="matlab:matlab.internal.language.introspective.errorDocCallback('dynare_estimation_1', 'C:\dynare\4.5.7\matlab\dynare_estimation_1.m', 339)" style="font-weight:bold">dynare_estimation_1</a> (<a href="matlab: opentoline('C:\dynare\4.5.7\matlab\dynare_estimation_1.m',339,0)">line 339</a>)
  In <a href="matlab:matlab.internal.language.introspective.errorDocCallback('dynare_estimation', 'C:\dynare\4.5.7\matlab\dynare_estimation.m', 105)" style="font-weight:bold">dynare_estimation</a> (<a href="matlab: opentoline('C:\dynare\4.5.7\matlab\dynare_estimation.m',105,0)">line 105</a>)
  In <a href="matlab:matlab.internal.language.introspective.errorDocCallback('modeestimate', 'C:\Users\Farkas\Documents\GitHub\MMBForecast-platform\MMB_Estimation\ALGORITHMS\modeestimate.m', 84)" style="font-weight:bold">modeestimate</a> (<a href="matlab: opentoline('C:\Users\Farkas\Documents\GitHub\MMBForecast-platform\MMB_Estimation\ALGORITHMS\modeestimate.m',84,0)">line 84</a>)
  In <a href="matlab:matlab.internal.language.introspective.errorDocCallback('Main', 'C:\Users\Farkas\Documents\GitHub\MMBForecast-platform\MMB_Estimation\ALGORITHMS\Main.m', 97)" style="font-weight:bold">Main</a> (<a href="matlab: opentoline('C:\Users\Farkas\Documents\GitHub\MMBForecast-platform\MMB_Estimation\ALGORITHMS\Main.m',97,0)">line 97</a>)] 

RESULTS FROM POSTERIOR ESTIMATION
parameters
             prior mean     mode    s.d. prior pstdev

xiw_p            0.750   0.8190     NaN beta  0.1000 
b_p              0.500   0.1165     NaN beta  0.1000 
Fomegabar_p      0.007   0.0055     NaN beta  0.0037 
mu_p             0.275   0.5017     NaN beta  0.1500 
sigmaa_p         1.000   1.1381     NaN norm  1.0000 
Sdoupr_p         5.000   5.0397     NaN norm  3.0000 
xip_p            0.500   0.0471     NaN beta  0.1000 
aptil_p          1.500   2.1822     NaN norm  0.2500 
rhotil_p         0.750   0.6159     NaN beta  0.1000 
iota_p           0.500   0.2988     NaN beta  0.1500 
iotaw_p          0.500   0.9924     NaN beta  0.1500 
iotamu_p         0.500   0.9722     NaN beta  0.1500 
adytil_p         0.250   0.4149     NaN norm  0.1000 
signal_corr_p    0.000   0.3580     NaN norm  0.5000 
rholambdaf_p     0.500   0.9160     NaN beta  0.2000 
rhomuup_p        0.500   0.6536     NaN beta  0.2000 
rhog_p           0.500   0.9233     NaN beta  0.2000 
rhomuzstar_p     0.500   0.3515     NaN beta  0.2000 
rhoepsil_p       0.500   0.9394     NaN beta  0.2000 
rhosigma_p       0.500   0.9894     NaN beta  0.2000 
rhozetac_p       0.500   0.8740     NaN beta  0.2000 
rhozetai_p       0.500   0.3272     NaN beta  0.2000 
rhoterm_p        0.500   0.9472     NaN beta  0.2000 
stdsigma2_p      0.001   0.5249     NaN invg2 0.0012 
stdsigma1_p      0.002   0.8172     NaN invg2 0.0033 

standard deviation of shocks
             prior mean     mode    s.d. prior pstdev

e_lambdaf        0.002   0.0824     NaN invg2 0.0033 
e_muup           0.002   0.6735     NaN invg2 0.0033 
e_g              0.002   0.3826     NaN invg2 0.0033 
e_muzstar        0.002   0.0550     NaN invg2 0.0033 
e_gamma          0.002   0.0401     NaN invg2 0.0033 
e_epsil          0.002   0.0584     NaN invg2 0.0033 
e_xp             0.583   1.4771     NaN invg2 0.8250 
e_zetac          0.002   0.0808     NaN invg2 0.0033 
e_zetai          0.002   0.1631     NaN invg2 0.0033 
e_term           0.002   0.0812     NaN invg2 0.0033 

standard deviation of measurement errors
             prior mean     mode    s.d. prior pstdev

networth_q_obs   0.010   0.0677     NaN invg  5.0000 


Log data density [Laplace approximation] is NaN.

