Starting Dynare (version 4.5.7).
Starting preprocessing of the model file ...
Found 16 equation(s).
Evaluating expressions...done
Computing static model derivatives:
 - order 1
Computing dynamic model derivatives:
 - order 1
 - order 2
Processing outputs ...
done
Preprocessing completed.
Total computing time : 0h00m00s
Initial value of the log posterior (or likelihood): -316.0038
-----------------
f at the beginning of new iteration,       316.0037563248
Predicted improvement:   654811.562839078
lambda =          1; f =          316.2452495
lambda =    0.33333; f =          316.0288621
lambda =    0.11111; f =          316.0060218
lambda =   0.037037; f =          316.0038810
lambda =   0.012346; f =          432.0559158
lambda =  0.0041152; f =          273.2814323
lambda =  0.0013717; f =          157.7252480
lambda = 0.00045725; f =          130.3556887
Norm of dx     11.444
----
Improvement on iteration 1 =      185.648067599
-----------------
f at the beginning of new iteration,       130.3556887260
Predicted improvement:     7388.977954878
lambda =          1; f =          131.3499953
lambda =    0.33333; f =          130.4621137
lambda =    0.11111; f =          130.3662267
lambda =   0.037037; f =          130.3564947
lambda =   0.012346; f =          130.3557126
lambda =  0.0041152; f =          157.4129871
lambda =  0.0013717; f =          114.1363645
lambda =  0.0026518; f =          111.1739771
Norm of dx     1.2225
----
Improvement on iteration 2 =       19.181711635
-----------------
f at the beginning of new iteration,       111.1739770910
Predicted improvement:     2575.830850662
lambda =          1; f =          111.8548447
lambda =    0.33333; f =          111.2470217
lambda =    0.11111; f =          111.1812582
lambda =   0.037037; f =          111.1745419
lambda =   0.012346; f =          111.1739897
lambda =  0.0041152; f =           93.9887583
lambda =  0.0079555; f =          111.1739771
lambda =  0.0053568; f =           95.2465362
Norm of dx    0.83341
----
Improvement on iteration 3 =       17.185218825
-----------------
f at the beginning of new iteration,        93.9887582659
Predicted improvement:      365.511280951
lambda =          1; f =           94.0680590
lambda =    0.33333; f =           93.9971156
lambda =    0.11111; f =           93.9895441
lambda =   0.037037; f =           93.9888065
lambda =   0.012346; f =           93.9887585
lambda =  0.0041152; f =           92.4196939
Norm of dx    0.29129
----
Improvement on iteration 4 =        1.569064359
-----------------
f at the beginning of new iteration,        92.4196939065
Predicted improvement:      131.306431411
lambda =          1; f =           92.4506400
lambda =    0.33333; f =           92.4229391
lambda =    0.11111; f =           92.4199968
lambda =   0.037037; f =           92.4197119
lambda =   0.012346; f =          102.2909698
lambda =  0.0041152; f =           91.7359768
Norm of dx    0.18468
----
Improvement on iteration 5 =        0.683717106
-----------------
f at the beginning of new iteration,        91.7359768009
Predicted improvement:       14.260516608
lambda =          1; f =           80.5859750
Norm of dx   0.033378
----
Improvement on iteration 6 =       11.150001843
-----------------
f at the beginning of new iteration,        80.5859749578
Predicted improvement:        8.013186983
lambda =          1; f =           74.9194181
Norm of dx   0.042144
----
Improvement on iteration 7 =        5.666556840
-----------------
f at the beginning of new iteration,        74.9194181174
Predicted improvement:       10.109665335
lambda =          1; f =           57.9420522
lambda =     1.9332; f =           46.9879307
lambda =     3.7372; f =           37.3371701
Norm of dx   0.071355
----
Improvement on iteration 8 =       37.582248014
-----------------
f at the beginning of new iteration,        37.3371701029
Predicted improvement:       10.472750137
lambda =          1; f =           23.8541190
Norm of dx    0.12547
----
Improvement on iteration 9 =       13.483051084
-----------------
f at the beginning of new iteration,        23.8541190191
Predicted improvement:       11.129085418
lambda =          1; f =           56.8075739
lambda =    0.33333; f =           17.7705762
lambda =    0.64439; f =           18.1947633
Norm of dx    0.26986
----
Improvement on iteration 10 =        6.083542792
-----------------
f at the beginning of new iteration,        17.7705762274
Predicted improvement:        9.952179623
lambda =          1; f =           57.3130580
lambda =    0.33333; f =           13.3056059
Norm of dx    0.30081
----
Improvement on iteration 11 =        4.464970343
-----------------
f at the beginning of new iteration,        13.3056058845
Predicted improvement:        1.753471949
lambda =          1; f =           10.7135845
lambda =     1.9332; f =           10.5434292
Norm of dx   0.038583
----
Improvement on iteration 12 =        2.762176660
-----------------
f at the beginning of new iteration,        10.5434292248
Predicted improvement:        3.555830568
lambda =          1; f =            5.3712345
lambda =     1.9332; f =            3.4518199
Norm of dx    0.04701
----
Improvement on iteration 13 =        7.091609285
-----------------
f at the beginning of new iteration,         3.4518199394
Predicted improvement:        1.145489475
lambda =          1; f =            3.3797540
lambda =    0.33333; f =            2.8960772
lambda =    0.64439; f =            2.8135650
Norm of dx   0.026735
----
Improvement on iteration 14 =        0.638254948
-----------------
f at the beginning of new iteration,         2.8135649912
Predicted improvement:        0.363906580
lambda =          1; f =            2.3562141
Norm of dx   0.015514
----
Improvement on iteration 15 =        0.457350855
-----------------
f at the beginning of new iteration,         2.3562141357
Predicted improvement:        0.708607018
lambda =          1; f =            1.2418358
lambda =     1.9332; f =            0.7311160
Norm of dx   0.032243
----
Improvement on iteration 16 =        1.625098182
-----------------
f at the beginning of new iteration,         0.7311159536
Predicted improvement:        1.361365080
lambda =          1; f =           -1.3420815
lambda =     1.9332; f =            0.7312029
lambda =     1.3017; f =           -1.5150210
Norm of dx   0.065301
----
Improvement on iteration 17 =        2.246136915
-----------------
f at the beginning of new iteration,        -1.5150209610
Predicted improvement:        1.261590294
lambda =          1; f =           -3.2824852
lambda =     1.9332; f =           -3.4270512
Norm of dx      0.038
----
Improvement on iteration 18 =        1.912030253
-----------------
f at the beginning of new iteration,        -3.4270512144
Predicted improvement:        0.705859160
lambda =          1; f =           -4.2445501
Norm of dx   0.038045
----
Improvement on iteration 19 =        0.817498864
-----------------
f at the beginning of new iteration,        -4.2445500787
Predicted improvement:        0.571158147
lambda =          1; f =           -4.7220172
Norm of dx   0.014113
----
Improvement on iteration 20 =        0.477467073
-----------------
f at the beginning of new iteration,        -4.7220171520
Predicted improvement:        0.635341960
lambda =          1; f =           -5.8083894
lambda =     1.9332; f =           -6.4172393
Norm of dx   0.053789
----
Improvement on iteration 21 =        1.695222147
-----------------
f at the beginning of new iteration,        -6.4172392990
Correct for low angle: 0.00472181
Predicted improvement:        0.369824928
lambda =          1; f =           -6.6035825
lambda =    0.33333; f =           -6.6079178
lambda =    0.64439; f =           -6.6767717
Norm of dx   0.056334
----
Improvement on iteration 22 =        0.259532448
-----------------
f at the beginning of new iteration,        -6.6767717466
Predicted improvement:        0.061189960
lambda =          1; f =           -6.7824640
lambda =     1.9332; f =           -6.8533755
lambda =     3.7372; f =           -6.9233420
Norm of dx  0.0039393
----
Improvement on iteration 23 =        0.246570211
-----------------
f at the beginning of new iteration,        -6.9233419574
Predicted improvement:        0.143653084
lambda =          1; f =           -7.1142005
Norm of dx   0.018041
----
Improvement on iteration 24 =        0.190858531
-----------------
f at the beginning of new iteration,        -7.1142004880
Predicted improvement:        0.104808224
lambda =          1; f =           -7.2622987
lambda =     1.9332; f =           -7.2927983
Norm of dx   0.015072
----
Improvement on iteration 25 =        0.178597862
-----------------
f at the beginning of new iteration,        -7.2927983500
Predicted improvement:        0.061512231
lambda =          1; f =           -7.3986828
lambda =     1.9332; f =           -7.4684433
lambda =     3.7372; f =           -7.5309838
Norm of dx  0.0076433
----
Improvement on iteration 26 =        0.238185483
-----------------
f at the beginning of new iteration,        -7.5309838329
Predicted improvement:        0.119658641
lambda =          1; f =           -7.7350819
lambda =     1.9332; f =           -7.8639763
lambda =     3.7372; f =           -7.9503012
Norm of dx   0.017532
----
Improvement on iteration 27 =        0.419317385
-----------------
f at the beginning of new iteration,        -7.9503012178
Predicted improvement:        0.204031226
lambda =          1; f =           -8.1784376
Norm of dx   0.039976
----
Improvement on iteration 28 =        0.228136392
-----------------
f at the beginning of new iteration,        -8.1784376100
Predicted improvement:        0.090784014
lambda =          1; f =           -8.3001977
Norm of dx   0.012081
----
Improvement on iteration 29 =        0.121760078
-----------------
f at the beginning of new iteration,        -8.3001976882
Predicted improvement:        0.067275871
lambda =          1; f =           -8.4095901
lambda =     1.9332; f =           -8.4668497
Norm of dx   0.015829
----
Improvement on iteration 30 =        0.166651997
-----------------
f at the beginning of new iteration,        -8.4668496854
Predicted improvement:        0.110547058
lambda =          1; f =           -8.6663611
lambda =     1.9332; f =           -8.8161218
lambda =     3.7372; f =           -9.0161347
Norm of dx    0.02026
----
Improvement on iteration 31 =        0.549284975
-----------------
f at the beginning of new iteration,        -9.0161346608
Predicted improvement:        0.426073451
lambda =          1; f =           -9.7095926
lambda =     1.9332; f =           -9.9066124
Norm of dx   0.078705
----
Improvement on iteration 32 =        0.890477731
-----------------
f at the beginning of new iteration,        -9.9066123917
Predicted improvement:        1.132257191
lambda =          1; f =           -9.9059101
lambda =    0.33333; f =          -10.2148972
Norm of dx    0.10574
----
Improvement on iteration 33 =        0.308284819
-----------------
f at the beginning of new iteration,       -10.2148972108
Predicted improvement:        0.634695213
lambda =          1; f =          -10.6694660
Norm of dx   0.035652
----
Improvement on iteration 34 =        0.454568790
-----------------
f at the beginning of new iteration,       -10.6694660009
Predicted improvement:        0.195813860
lambda =          1; f =          -10.8931250
Norm of dx   0.056103
----
Improvement on iteration 35 =        0.223658980
-----------------
f at the beginning of new iteration,       -10.8931249812
Predicted improvement:        0.036448771
lambda =          1; f =          -10.9485924
lambda =     1.9332; f =          -10.9659548
Norm of dx   0.013879
----
Improvement on iteration 36 =        0.072829819
-----------------
f at the beginning of new iteration,       -10.9659548001
Predicted improvement:        0.044930679
lambda =          1; f =          -11.0492689
lambda =     1.9332; f =          -11.1154992
lambda =     3.7372; f =          -11.2133050
lambda =     7.2247; f =          -11.2968103
Norm of dx    0.01146
----
Improvement on iteration 37 =        0.330855488
-----------------
f at the beginning of new iteration,       -11.2968102885
Predicted improvement:        0.243906326
lambda =          1; f =          -11.7256293
lambda =     1.9332; f =          -11.9965439
lambda =     3.7372; f =          -11.9200408
Norm of dx    0.10187
----
Improvement on iteration 38 =        0.699733660
-----------------
f at the beginning of new iteration,       -11.9965439487
Correct for low angle: 0.00307876
Predicted improvement:        0.496097375
lambda =          1; f =           -4.6459468
lambda =    0.33333; f =          -11.6617941
lambda =    0.11111; f =          -12.0385644
Norm of dx    0.17903
----
Improvement on iteration 39 =        0.042020454
-----------------
f at the beginning of new iteration,       -12.0385644025
Correct for low angle: 0.00152512
Predicted improvement:        0.904049370
lambda =          1; f =           -4.9676673
lambda =    0.33333; f =          -11.2507499
lambda =    0.11111; f =          -12.0641823
lambda =   0.037037; f =          -12.0857238
lambda =   0.071599; f =          -12.0939883
Norm of dx    0.15777
----
Improvement on iteration 40 =        0.055423923
-----------------
f at the beginning of new iteration,       -12.0939883252
Correct for low angle: 0.00246749
Predicted improvement:        0.461436312
lambda =          1; f =           -3.5053161
lambda =    0.33333; f =          -11.6623627
lambda =    0.11111; f =          -12.1213219
lambda =   0.037037; f =          -12.1197024
lambda =   0.071599; f =          -12.1289855
Norm of dx    0.14163
----
Improvement on iteration 41 =        0.034997150
-----------------
f at the beginning of new iteration,       -12.1289854753
Correct for low angle: 0.0031718
Predicted improvement:        0.315683748
lambda =          1; f =          -10.6034899
lambda =    0.33333; f =          -12.0611577
lambda =    0.11111; f =          -12.1671535
Norm of dx    0.12983
----
Improvement on iteration 42 =        0.038168040
-----------------
f at the beginning of new iteration,       -12.1671535152
Correct for low angle: 0.00229835
Predicted improvement:        0.384778218
lambda =          1; f =           -6.2962860
lambda =    0.33333; f =          -11.8766495
lambda =    0.11111; f =          -12.1960675
Norm of dx    0.11484
----
Improvement on iteration 43 =        0.028913987
-----------------
f at the beginning of new iteration,       -12.1960675018
Correct for low angle: 0.00180981
Predicted improvement:        0.445918146
lambda =          1; f =           -9.2737861
lambda =    0.33333; f =          -11.9639077
lambda =    0.11111; f =          -12.2322362
Norm of dx    0.10176
----
Improvement on iteration 44 =        0.036168721
-----------------
f at the beginning of new iteration,       -12.2322362233
Correct for low angle: 0.00199098
Predicted improvement:        0.346598547
lambda =          1; f =           -7.9041132
lambda =    0.33333; f =          -12.0335594
lambda =    0.11111; f =          -12.2642728
Norm of dx   0.090773
----
Improvement on iteration 45 =        0.032036620
-----------------
f at the beginning of new iteration,       -12.2642728428
Correct for low angle: 0.00236587
Predicted improvement:        0.247830582
lambda =          1; f =          -10.9055861
lambda =    0.33333; f =          -12.1906002
lambda =    0.11111; f =          -12.2919906
Norm of dx   0.081892
----
Improvement on iteration 46 =        0.027717741
-----------------
f at the beginning of new iteration,       -12.2919905837
Correct for low angle: 0.00280478
Predicted improvement:        0.182508548
lambda =          1; f =          -11.0799941
lambda =    0.33333; f =          -12.2605445
lambda =    0.11111; f =          -12.3157508
Norm of dx   0.074882
----
Improvement on iteration 47 =        0.023760202
-----------------
f at the beginning of new iteration,       -12.3157507859
Correct for low angle: 0.00391323
Predicted improvement:        0.117264807
lambda =          1; f =          -12.2464097
lambda =    0.33333; f =          -12.3592323
Norm of dx   0.069526
----
Improvement on iteration 48 =        0.043481476
-----------------
f at the beginning of new iteration,       -12.3592322620
Correct for low angle: 0.0018046
Predicted improvement:        0.208702995
lambda =          1; f =          -10.9429910
lambda =    0.33333; f =          -12.3234489
lambda =    0.11111; f =          -12.3865605
Norm of dx   0.054443
----
Improvement on iteration 49 =        0.027328275
-----------------
f at the beginning of new iteration,       -12.3865605370
Predicted improvement:        0.063923580
lambda =          1; f =          -12.4719935
Norm of dx   0.050939
----
Improvement on iteration 50 =        0.085432977
-----------------
f at the beginning of new iteration,       -12.4719935138
Predicted improvement:        0.037540067
lambda =          1; f =          -12.5343652
lambda =     1.9332; f =          -12.5697184
Norm of dx    0.02613
----
Improvement on iteration 51 =        0.097724883
-----------------
f at the beginning of new iteration,       -12.5697183971
Predicted improvement:        0.081938059
lambda =          1; f =          -12.7124779
lambda =     1.9332; f =          -12.8085964
lambda =     3.7372; f =          -12.8991455
Norm of dx   0.025636
----
Improvement on iteration 52 =        0.329427119
-----------------
f at the beginning of new iteration,       -12.8991455157
Predicted improvement:        0.199236940
lambda =          1; f =          -13.2259440
lambda =     1.9332; f =          -13.4056649
Norm of dx   0.066196
----
Improvement on iteration 53 =        0.506519358
-----------------
f at the beginning of new iteration,       -13.4056648733
Predicted improvement:        0.414384670
lambda =          1; f =          -13.9348496
Norm of dx    0.10304
----
Improvement on iteration 54 =        0.529184775
-----------------
f at the beginning of new iteration,       -13.9348496485
Predicted improvement:        0.126533011
lambda =          1; f =          -14.0937234
Norm of dx    0.09708
----
Improvement on iteration 55 =        0.158873753
-----------------
f at the beginning of new iteration,       -14.0937234012
Predicted improvement:        0.031804661
lambda =          1; f =          -14.1355206
Norm of dx   0.050715
----
Improvement on iteration 56 =        0.041797189
-----------------
f at the beginning of new iteration,       -14.1355205899
Predicted improvement:        0.014652083
lambda =          1; f =          -14.1560966
lambda =     1.9332; f =          -14.1582676
Norm of dx    0.02689
----
Improvement on iteration 57 =        0.022747056
-----------------
f at the beginning of new iteration,       -14.1582676455
Predicted improvement:        0.011522800
lambda =          1; f =          -14.1773441
lambda =     1.9332; f =          -14.1882386
Norm of dx   0.014382
----
Improvement on iteration 58 =        0.029970980
-----------------
f at the beginning of new iteration,       -14.1882386252
Predicted improvement:        0.026967413
lambda =          1; f =          -14.2365413
lambda =     1.9332; f =          -14.2710676
lambda =     3.7372; f =          -14.3066508
Norm of dx   0.023094
----
Improvement on iteration 59 =        0.118412137
-----------------
f at the beginning of new iteration,       -14.3066507626
Predicted improvement:        0.080015664
lambda =          1; f =          -14.4511690
lambda =     1.9332; f =          -14.5467329
lambda =     3.7372; f =          -14.5253987
Norm of dx   0.015579
----
Improvement on iteration 60 =        0.240082091
-----------------
f at the beginning of new iteration,       -14.5467328531
Predicted improvement:        0.262480791
lambda =          1; f =          -14.7960462
Norm of dx    0.13649
----
Improvement on iteration 61 =        0.249313363
-----------------
f at the beginning of new iteration,       -14.7960462159
Predicted improvement:        0.157587261
lambda =          1; f =          -14.8747379
lambda =    0.33333; f =          -14.8730434
lambda =    0.64439; f =          -14.8975723
Norm of dx    0.15124
----
Improvement on iteration 62 =        0.101526112
-----------------
f at the beginning of new iteration,       -14.8975723280
Predicted improvement:        0.016304812
lambda =          1; f =          -14.9218364
lambda =     1.9332; f =          -14.9297559
Norm of dx   0.016467
----
Improvement on iteration 63 =        0.032183603
-----------------
f at the beginning of new iteration,       -14.9297559309
Predicted improvement:        0.016094748
lambda =          1; f =          -14.9573372
lambda =     1.9332; f =          -14.9749595
lambda =     3.7372; f =          -14.9866746
Norm of dx  0.0087527
----
Improvement on iteration 64 =        0.056918682
-----------------
f at the beginning of new iteration,       -14.9866746133
Predicted improvement:        0.026529098
lambda =          1; f =          -15.0305333
lambda =     1.9332; f =          -15.0555493
Norm of dx   0.018026
----
Improvement on iteration 65 =        0.068874707
-----------------
f at the beginning of new iteration,       -15.0555493199
Predicted improvement:        0.033148394
lambda =          1; f =          -15.1004090
Norm of dx   0.021802
----
Improvement on iteration 66 =        0.044859653
-----------------
f at the beginning of new iteration,       -15.1004089728
Predicted improvement:        0.035252165
lambda =          1; f =          -15.1395953
Norm of dx   0.018296
----
Improvement on iteration 67 =        0.039186314
-----------------
f at the beginning of new iteration,       -15.1395952871
Predicted improvement:        0.025847087
lambda =          1; f =          -15.1644376
Norm of dx    0.02535
----
Improvement on iteration 68 =        0.024842288
-----------------
f at the beginning of new iteration,       -15.1644375750
Predicted improvement:        0.023813884
lambda =          1; f =          -15.1959963
Norm of dx   0.038214
----
Improvement on iteration 69 =        0.031558756
-----------------
f at the beginning of new iteration,       -15.1959963310
Predicted improvement:        0.015139894
lambda =          1; f =          -15.2199897
lambda =     1.9332; f =          -15.2311344
Norm of dx   0.037174
----
Improvement on iteration 70 =        0.035138100
-----------------
f at the beginning of new iteration,       -15.2311344312
Predicted improvement:        0.019103429
lambda =          1; f =          -15.2645265
lambda =     1.9332; f =          -15.2866036
lambda =     3.7372; f =          -15.2990653
Norm of dx   0.015421
----
Improvement on iteration 71 =        0.067930866
-----------------
f at the beginning of new iteration,       -15.2990652974
Correct for low angle: 0.00339695
Predicted improvement:        0.015190425
lambda =          1; f =          -15.2392666
lambda =    0.33333; f =          -15.2990350
lambda =    0.11111; f =          -15.3011895
Norm of dx   0.039411
----
Improvement on iteration 72 =        0.002124167
-----------------
f at the beginning of new iteration,       -15.3011894643
Correct for low angle: 0.00164668
Predicted improvement:        0.028901390
lambda =          1; f =          -14.7642591
lambda =    0.33333; f =          -15.2489614
lambda =    0.11111; f =          -15.2997935
lambda =   0.037037; f =          -15.3025836
Norm of dx   0.038821
----
Improvement on iteration 73 =        0.001394113
-----------------
f at the beginning of new iteration,       -15.3025835771
Correct for low angle: 0.00339773
Predicted improvement:        0.013677748
lambda =          1; f =          -15.1924144
lambda =    0.33333; f =          -15.2964919
lambda =    0.11111; f =          -15.3037872
Norm of dx   0.039638
----
Improvement on iteration 74 =        0.001203647
-----------------
f at the beginning of new iteration,       -15.3037872241
Correct for low angle: 0.00117781
Predicted improvement:        0.036338454
lambda =          1; f =          -14.6089528
lambda =    0.33333; f =          -15.2342605
lambda =    0.11111; f =          -15.3014968
lambda =   0.037037; f =          -15.3054657
Norm of dx   0.037417
----
Improvement on iteration 75 =        0.001678463
-----------------
f at the beginning of new iteration,       -15.3054656872
Correct for low angle: 0.00445366
Predicted improvement:        0.008599116
lambda =          1; f =          -15.3028632
lambda =    0.33333; f =          -15.3088697
Norm of dx   0.037219
----
Improvement on iteration 76 =        0.003404004
-----------------
f at the beginning of new iteration,       -15.3088696912
Correct for low angle: 0.000890034
Predicted improvement:        0.030178982
lambda =          1; f =          -14.7777877
lambda =    0.33333; f =          -15.2578418
lambda =    0.11111; f =          -15.3078020
lambda =   0.037037; f =          -15.3103657
Norm of dx   0.029833
----
Improvement on iteration 77 =        0.001496009
-----------------
f at the beginning of new iteration,       -15.3103657000
Predicted improvement:        0.004498666
lambda =          1; f =          -15.3154425
Norm of dx   0.029567
----
Improvement on iteration 78 =        0.005076835
-----------------
f at the beginning of new iteration,       -15.3154425345
Predicted improvement:        0.000451901
lambda =          1; f =          -15.3162176
lambda =     1.9332; f =          -15.3167195
lambda =     3.7372; f =          -15.3170798
Norm of dx  0.0038676
----
Improvement on iteration 79 =        0.001637219
-----------------
f at the beginning of new iteration,       -15.3170797535
Predicted improvement:        0.001088647
lambda =          1; f =          -15.3191855
lambda =     1.9332; f =          -15.3209710
lambda =     3.7372; f =          -15.3239931
lambda =     7.2247; f =          -15.3282406
lambda =     13.967; f =          -15.3305640
Norm of dx  0.0033906
----
Improvement on iteration 80 =        0.013484231
-----------------
f at the beginning of new iteration,       -15.3305639841
Predicted improvement:        0.005212488
lambda =          1; f =          -15.3382330
lambda =     1.9332; f =          -15.3401634
Norm of dx   0.009432
----
Improvement on iteration 81 =        0.009599449
-----------------
f at the beginning of new iteration,       -15.3401634330
Predicted improvement:        0.002435054
lambda =          1; f =          -15.3425575
Norm of dx  0.0065259
----
Improvement on iteration 82 =        0.002394071
-----------------
f at the beginning of new iteration,       -15.3425575042
Predicted improvement:        0.000388056
lambda =          1; f =          -15.3431631
lambda =     1.9332; f =          -15.3434496
Norm of dx  0.0034289
----
Improvement on iteration 83 =        0.000892087
-----------------
f at the beginning of new iteration,       -15.3434495911
Predicted improvement:        0.000656879
lambda =          1; f =          -15.3446761
lambda =     1.9332; f =          -15.3456669
lambda =     3.7372; f =          -15.3471627
lambda =     7.2247; f =          -15.3484927
Norm of dx  0.0025181
----
Improvement on iteration 84 =        0.005043141
-----------------
f at the beginning of new iteration,       -15.3484927318
Predicted improvement:        0.004141642
lambda =          1; f =          -15.3564581
lambda =     1.9332; f =          -15.3633303
lambda =     3.7372; f =          -15.3750787
lambda =     7.2247; f =          -15.3920375
lambda =     13.967; f =          -15.4032267
Norm of dx  0.0066251
----
Improvement on iteration 85 =        0.054733929
-----------------
f at the beginning of new iteration,       -15.4032266605
Predicted improvement:        0.008597496
lambda =          1; f =          -15.4137356
Norm of dx  0.0050015
----
Improvement on iteration 86 =        0.010508961
-----------------
f at the beginning of new iteration,       -15.4137356215
Predicted improvement:        0.001012054
lambda =          1; f =          -15.4147406
Norm of dx  0.0042605
----
Improvement on iteration 87 =        0.001004981
-----------------
f at the beginning of new iteration,       -15.4147406024
Predicted improvement:        0.000044223
lambda =          1; f =          -15.4147964
Norm of dx 0.00091757
----
Improvement on iteration 88 =        0.000055842
-----------------
f at the beginning of new iteration,       -15.4147964445
Predicted improvement:        0.000014054
lambda =          1; f =          -15.4148177
lambda =     1.9332; f =          -15.4148259
Norm of dx 0.00055546
----
Improvement on iteration 89 =        0.000029449
-----------------
f at the beginning of new iteration,       -15.4148258938
Predicted improvement:        0.000015303
lambda =          1; f =          -15.4148555
lambda =     1.9332; f =          -15.4148804
lambda =     3.7372; f =          -15.4149211
lambda =     7.2247; f =          -15.4149719
Norm of dx 0.00015247
----
Improvement on iteration 90 =        0.000146035
-----------------
f at the beginning of new iteration,       -15.4149719289
Predicted improvement:        0.000080634
lambda =          1; f =          -15.4151226
lambda =     1.9332; f =          -15.4151701
Norm of dx 0.00089404
----
Improvement on iteration 91 =        0.000198176
-----------------
f at the beginning of new iteration,       -15.4151701053
Predicted improvement:        0.000037598
lambda =          1; f =          -15.4151974
Norm of dx 0.00065665
----
Improvement on iteration 92 =        0.000027327
-----------------
f at the beginning of new iteration,       -15.4151974324
Predicted improvement:        0.000014806
lambda =          1; f =          -15.4152120
Norm of dx 0.00036517
----
Improvement on iteration 93 =        0.000014533
-----------------
f at the beginning of new iteration,       -15.4152119653
Predicted improvement:        0.000000278
lambda =          1; f =          -15.4152126
lambda =     1.9332; f =          -15.4152130
lambda =     3.7372; f =          -15.4152137
lambda =     7.2247; f =          -15.4152141
Norm of dx 7.4984e-05
----
Improvement on iteration 94 =        0.000002099
-----------------
f at the beginning of new iteration,       -15.4152140644
Predicted improvement:        0.000001254
lambda =          1; f =          -15.4152163
lambda =     1.9332; f =          -15.4152181
lambda =     3.7372; f =          -15.4152209
lambda =     7.2247; f =          -15.4152240
Norm of dx 9.2989e-05
----
Improvement on iteration 95 =        0.000009901
-----------------
f at the beginning of new iteration,       -15.4152239658
Predicted improvement:        0.000010474
lambda =          1; f =          -15.4152435
lambda =     1.9332; f =          -15.4152593
lambda =     3.7372; f =          -15.4152832
lambda =     7.2247; f =          -15.4153047
Norm of dx 0.00038351
----
Improvement on iteration 96 =        0.000080710
-----------------
f at the beginning of new iteration,       -15.4153046756
Predicted improvement:        0.000033192
lambda =          1; f =          -15.4153543
lambda =     1.9332; f =          -15.4153677
Norm of dx  0.0013927
----
Improvement on iteration 97 =        0.000063001
-----------------
f at the beginning of new iteration,       -15.4153676764
Predicted improvement:        0.000000623
lambda =          1; f =          -15.4153683
Norm of dx 0.00029167
----
Improvement on iteration 98 =        0.000000663
-----------------
f at the beginning of new iteration,       -15.4153683395
Predicted improvement:        0.000000001
lambda =          1; f =          -15.4153683
lambda =    0.33333; f =          -15.4153683
lambda =    0.11111; f =          -15.4153683
lambda =   0.037037; f =          -15.4153683
lambda =   0.012346; f =          -15.4153683
lambda =  0.0041152; f =          -15.4153683
lambda =  0.0013717; f =          -15.4153683
lambda = 0.00045725; f =          -15.4153683
lambda = 0.00015242; f =          -15.4153683
lambda = 5.0805e-05; f =          -15.4153683
lambda = 1.6935e-05; f =          -15.4153683
lambda =  5.645e-06; f =          -15.4153683
lambda = 1.0913e-05; f =          -15.4153683
lambda = 7.3481e-06; f =          -15.4153683
lambda = 9.3161e-06; f =          -15.4153683
lambda = 8.0798e-06; f =          -15.4153683
lambda = 7.4182e-06; f =          -15.4153683
Norm of dx 9.1382e-06
Cliff.  Perturbing search direction.
Predicted improvement:        0.000000002
lambda =          1; f =          -15.4153683
lambda =    0.33333; f =          -15.4153683
lambda =    0.11111; f =          -15.4153683
lambda =   0.037037; f =          -15.4153683
lambda =   0.012346; f =          -15.4153683
lambda =  0.0041152; f =          -15.4153683
lambda =  0.0013717; f =          -15.4153683
lambda = 0.00045725; f =          -15.4153683
lambda = 0.00015242; f =          -15.4153683
lambda = 5.0805e-05; f =          -15.4153683
lambda = 1.6935e-05; f =          -15.4153683
lambda =  5.645e-06; f =          -15.4153683
lambda = 1.8817e-06; f =          -15.4153683
lambda = 6.2723e-07; f =          -15.4153683
lambda = 1.2125e-06; f =          -15.4153683
lambda = 8.1646e-07; f =          -15.4153683
lambda = 6.4398e-07; f =          -15.4153683
lambda = 7.4252e-07; f =          -15.4153683
lambda = 6.8172e-07; f =          -15.4153683
lambda = 6.4766e-07; f =          -15.4153683
lambda = 6.6789e-07; f =          -15.4153683
lambda = 6.8875e-07; f =          -15.4153683
lambda = 6.7616e-07; f =          -15.4153683
lambda = 6.6379e-07; f =          -15.4153683
lambda = 6.5166e-07; f =          -15.4153683
lambda = 6.5891e-07; f =          -15.4153683
lambda = 6.6625e-07; f =          -15.4153683
lambda = 6.7367e-07; f =          -15.4153683
lambda = 6.8117e-07; f =          -15.4153683
lambda = 6.8875e-07; f =          -15.4153683
Norm of dx 1.5403e-05
Cliff again.  Try traversing
Predicted improvement:        0.000041522
lambda =          1; f =          -15.4142072
lambda =    0.33333; f =          -15.4152403
lambda =    0.11111; f =          -15.4153554
lambda =   0.037037; f =          -15.4153673
lambda =   0.012346; f =          -15.4153684
lambda =  0.0041152; f =          -15.4153684
lambda =  0.0013717; f =          -15.4153684
lambda = 0.00045725; f =          -15.4153683
lambda = 0.00015242; f =          -15.4153683
lambda = 5.0805e-05; f =          -15.4153683
lambda = 1.6935e-05; f =          -15.4153683
lambda =  5.645e-06; f =          -15.4153683
lambda = 1.8817e-06; f =          -15.4153683
lambda = 6.2723e-07; f =          -15.4153683
lambda = 2.0908e-07; f =          -15.4153683
lambda = 6.9692e-08; f =          -15.4153683
lambda = 2.3231e-08; f =          -15.4153683
lambda = 7.7435e-09; f =          -15.4153683
lambda = 2.5812e-09; f =          -15.4153683
lambda = 4.9899e-09; f =          -15.4153683
Norm of dx  0.0091129
----
Improvement on iteration 99 =        0.000000048
improvement < crit termination

Final value of minus the log posterior (or likelihood):-15.415368 

RESULTS FROM POSTERIOR ESTIMATION
parameters
         prior mean     mode    s.d. prior pstdev

trend        0.500   0.6737  0.0757 norm  0.2500 
piestarobs   1.000   0.5603  0.1003 norm  0.5000 
rstarobs     0.125   0.3008  0.0967 gamm  0.0625 
kappa        0.300   0.1731  0.0777 gamm  0.1500 
sigma        2.000   3.8030  0.5580 gamm  0.5000 
psi1         1.500   1.7284  0.2462 gamm  0.2500 
psi2         0.125   0.0247  0.0329 gamm  0.1000 
rhoR         0.500   0.8577  0.0233 beta  0.2000 
rhog         0.800   0.8985  0.0666 beta  0.1000 
rhoz         0.300   0.3711  0.0951 beta  0.1000 
rhoxi        0.500   0.5303  0.2767 beta  0.2000 
rhophi       0.500   0.8553  0.0394 beta  0.2000 

standard deviation of shocks
         prior mean     mode    s.d. prior pstdev

eR           0.003   0.0014  0.0001 invg  0.0014 
eg           0.006   0.0031  0.0005 invg  0.0032 
ez           0.009   0.0043  0.0005 invg  0.0043 
exi          0.005   0.0028  0.0009 invg  0.0040 
ephi         0.005   0.0185  0.0050 invg  0.0040 


Log data density [Laplace approximation] is -36.351673.

optcrit after mode 4 if successfull

optcrit =

     0

optcrit after mode 5 if successfull

optcrit =

     0

